Albania Albania distance: 0.0
Albania Armenia distance: 5.005734400094621
Albania Australia distance: 5.12143906058457
Albania Austria distance: 4.641099417078839
Albania Belgium distance: 5.056966258130499
Albania Bosnia distance: 4.5402766447855845
Albania Bulgaria distance: 4.717069973337067
Albania Canada distance: 5.12124755875915
Albania Croatia distance: 4.657863652803119
Albania Cyprus distance: 5.192095394729074
Albania Czech distance: 4.92445453912619
Albania Denmark distance: 4.783902163263387
Albania Estonia distance: 4.86466972673062
Albania Finland distance: 5.048794676623957
Albania France distance: 4.782737409683098
Albania Georgia distance: 4.807983035416858
Albania Germany distance: 4.894688078527474
Albania Greece distance: 4.6257806007891
Albania Hungary distance: 4.705413392563158
Albania Iceland distance: 4.760889575367574
Albania India distance: 4.673924782240736
Albania Ireland distance: 5.072224359479688
Albania Israel distance: 5.195095237228494
Albania Italy distance: 4.64487754667524
Albania Latvia distance: 4.903811842542415
Albania Lithuania distance: 4.965247867027673
Albania Macedonia distance: 5.18525767264954
Albania Malta distance: 5.656653742262443
Albania Mexico distance: 4.325185411109144
Albania Moldova distance: 5.403973809126962
Albania Montenegro distance: 5.52296915862365
Albania Netherlands distance: 4.937547980906597
Albania NewZealand distance: 5.059556761042972
Albania Norway distance: 4.6321412723657325
Albania Poland distance: 5.320047792764242
Albania Portugal distance: 4.451778273227485
Albania Romania distance: 4.623180107985395
Albania Russia distance: 5.066420209175872
Albania Serbia distance: 4.414065583057439
Albania Slovakia distance: 4.929783130117344
Albania Slovenia distance: 4.725608194521619
Albania Spain distance: 4.47166293925351
Albania Sweden distance: 4.782239078250159
Albania Switzerland distance: 4.859382932864819
Albania Turkey distance: 4.24510413951519
Albania UK distance: 5.144112146403679
Albania US distance: 5.370032565888209
Albania Ukraine distance: 5.051343109979746
Armenia Albania distance: 5.005734400094621
Armenia Armenia distance: 0.0
Armenia Australia distance: 5.350641680895899
Armenia Austria distance: 5.556969930593287
Armenia Belgium distance: 5.528847282118476
Armenia Bosnia distance: 5.107514238295684
Armenia Bulgaria distance: 5.259484123373195
Armenia Canada distance: 5.292397982795524
Armenia Croatia distance: 5.165087169839131
Armenia Cyprus distance: 5.501053013927395
Armenia Czech distance: 5.692875715193087
Armenia Denmark distance: 5.886326141924248
Armenia Estonia distance: 5.350869752497171
Armenia Finland distance: 5.749257469799622
Armenia France distance: 5.475065115192719
Armenia Georgia distance: 5.491464422761916
Armenia Germany distance: 5.640228120564012
Armenia Greece distance: 5.290008122267675
Armenia Hungary distance: 5.785922410906466
Armenia Iceland distance: 5.3683048114004634
Armenia India distance: 5.4022755191078335
Armenia Ireland distance: 5.208814838483482
Armenia Israel distance: 5.426695113456929
Armenia Italy distance: 5.454577691121865
Armenia Latvia distance: 5.463911971490334
Armenia Lithuania distance: 5.840437123404944
Armenia Macedonia distance: 6.26315006183062
Armenia Malta distance: 6.149981529850485
Armenia Mexico distance: 5.745994632477225
Armenia Moldova distance: 6.197145533101072
Armenia Montenegro distance: 5.771710628730319
Armenia Netherlands distance: 5.512738020272268
Armenia NewZealand distance: 5.410009955296969
Armenia Norway distance: 5.3593836524960015
Armenia Poland distance: 5.942644965642172
Armenia Portugal distance: 5.359599942542113
Armenia Romania distance: 5.3276490167450525
Armenia Russia distance: 5.060578935649788
Armenia Serbia distance: 5.393769136635261
Armenia Slovakia distance: 5.628509472560484
Armenia Slovenia distance: 5.6382815384094505
Armenia Spain distance: 4.998048696661152
Armenia Sweden distance: 5.445100708755641
Armenia Switzerland distance: 5.340479016684183
Armenia Turkey distance: 4.757274324456948
Armenia UK distance: 5.231875589657792
Armenia US distance: 5.379608157938453
Armenia Ukraine distance: 5.483273934969133
Australia Albania distance: 5.12143906058457
Australia Armenia distance: 5.350641680895899
Australia Australia distance: 0.0
Australia Austria distance: 4.337198840071135
Australia Belgium distance: 4.357595377295673
Australia Bosnia distance: 4.592942361944987
Australia Bulgaria distance: 4.245888112749512
Australia Canada distance: 3.980554565974789
Australia Croatia distance: 4.355903498929572
Australia Cyprus distance: 5.186686374087565
Australia Czech distance: 4.486902583413146
Australia Denmark distance: 5.1262482300054
Australia Estonia distance: 4.623424948385462
Australia Finland distance: 4.27369116372196
Australia France distance: 4.6733011754277225
Australia Georgia distance: 5.251855466842777
Australia Germany distance: 4.371515542779263
Australia Greece distance: 4.572535895774
Australia Hungary distance: 4.664873878022297
Australia Iceland distance: 4.529368834575565
Australia India distance: 5.050347346059656
Australia Ireland distance: 4.101147851050573
Australia Israel distance: 5.3139374872314225
Australia Italy distance: 4.409712113217069
Australia Latvia distance: 4.497461203023102
Australia Lithuania distance: 4.732305436110107
Australia Macedonia distance: 5.931014573248683
Australia Malta distance: 5.206198748977791
Australia Mexico distance: 5.13306389787053
Australia Moldova distance: 5.3531000840600305
Australia Montenegro distance: 5.398838284431424
Australia Netherlands distance: 4.351630679424158
Australia NewZealand distance: 4.191851184103777
Australia Norway distance: 4.311858459352991
Australia Poland distance: 4.525894379455679
Australia Portugal distance: 4.556760791558719
Australia Romania distance: 4.321389068563353
Australia Russia distance: 4.472102810118951
Australia Serbia distance: 4.572640273909753
Australia Slovakia distance: 4.620157351475994
Australia Slovenia distance: 4.462702468017444
Australia Spain distance: 4.424606625953971
Australia Sweden distance: 4.317216718751042
Australia Switzerland distance: 4.247332747388366
Australia Turkey distance: 4.9756987063881875
Australia UK distance: 4.16885853408257
Australia US distance: 4.211180453745079
Australia Ukraine distance: 4.968903481627759
Austria Albania distance: 4.641099417078839
Austria Armenia distance: 5.556969930593287
Austria Australia distance: 4.337198840071135
Austria Austria distance: 0.0
Austria Belgium distance: 3.8310121428041093
Austria Bosnia distance: 4.66400801589652
Austria Bulgaria distance: 3.953371533859046
Austria Canada distance: 4.7471410355378
Austria Croatia distance: 4.117846697766109
Austria Cyprus distance: 5.150932265412037
Austria Czech distance: 3.8735836702989737
Austria Denmark distance: 4.294986340626103
Austria Estonia distance: 3.8635121925587645
Austria Finland distance: 3.578131502317418
Austria France distance: 3.932383621595741
Austria Georgia distance: 4.916330388493421
Austria Germany distance: 3.426879857616094
Austria Greece distance: 4.263865051352761
Austria Hungary distance: 3.8864839751656874
Austria Iceland distance: 4.037321450300509
Austria India distance: 4.981675247397733
Austria Ireland distance: 4.463855140480491
Austria Israel distance: 5.33554482939868
Austria Italy distance: 4.020342117083298
Austria Latvia distance: 3.9385044084391834
Austria Lithuania distance: 4.203044213531884
Austria Macedonia distance: 5.523588578647925
Austria Malta distance: 5.2376806898339225
Austria Mexico distance: 4.640558423765413
Austria Moldova distance: 4.9674305105702885
Austria Montenegro distance: 5.141168788617604
Austria Netherlands distance: 3.659802472583542
Austria NewZealand distance: 4.318413431238407
Austria Norway distance: 3.6292600036701566
Austria Poland distance: 3.8488429816234735
Austria Portugal distance: 3.99783554230626
Austria Romania distance: 3.897007331980309
Austria Russia distance: 4.354277787313934
Austria Serbia distance: 4.190834331869515
Austria Slovakia distance: 3.939123487734869
Austria Slovenia distance: 4.14991858777241
Austria Spain distance: 3.841833601666847
Austria Sweden distance: 3.7052194878290745
Austria Switzerland distance: 3.609676648465072
Austria Turkey distance: 4.563067175550782
Austria UK distance: 4.388483542732567
Austria US distance: 4.733359790391234
Austria Ukraine distance: 4.390269462538447
Belgium Albania distance: 5.056966258130499
Belgium Armenia distance: 5.528847282118476
Belgium Australia distance: 4.357595377295673
Belgium Austria distance: 3.8310121428041093
Belgium Belgium distance: 0.0
Belgium Bosnia distance: 4.904194931699171
Belgium Bulgaria distance: 4.2915666891250694
Belgium Canada distance: 4.594423236678729
Belgium Croatia distance: 4.356441014081167
Belgium Cyprus distance: 5.05531751674381
Belgium Czech distance: 4.085246722097957
Belgium Denmark distance: 4.438614312043463
Belgium Estonia distance: 4.061562009164318
Belgium Finland distance: 3.9143612330534046
Belgium France distance: 4.231576436936509
Belgium Georgia distance: 5.400625510034977
Belgium Germany distance: 3.7551899960129265
Belgium Greece distance: 4.3891661597762655
Belgium Hungary distance: 4.438891118375265
Belgium Iceland distance: 4.4143341626914925
Belgium India distance: 5.094760527675824
Belgium Ireland distance: 4.656394998358678
Belgium Israel distance: 5.285249590324309
Belgium Italy distance: 4.142409416802902
Belgium Latvia distance: 4.131543246592569
Belgium Lithuania distance: 4.481420667269111
Belgium Macedonia distance: 6.082565711733649
Belgium Malta distance: 5.282048199545579
Belgium Mexico distance: 4.870025627494196
Belgium Moldova distance: 5.091547716568981
Belgium Montenegro distance: 5.247712287507968
Belgium Netherlands distance: 3.7610278981439547
Belgium NewZealand distance: 4.4484156545857685
Belgium Norway distance: 4.099217355391694
Belgium Poland distance: 4.206620446210115
Belgium Portugal distance: 4.352692638904829
Belgium Romania distance: 4.197231834192605
Belgium Russia distance: 4.558037999593833
Belgium Serbia distance: 4.341738321853939
Belgium Slovakia distance: 4.031211923413004
Belgium Slovenia distance: 4.3488201954090835
Belgium Spain distance: 4.09640475504116
Belgium Sweden distance: 4.068040930200287
Belgium Switzerland distance: 3.8855802696326145
Belgium Turkey distance: 5.02147985218399
Belgium UK distance: 4.330578489278145
Belgium US distance: 4.757498869300188
Belgium Ukraine distance: 4.730165511191498
Bosnia Albania distance: 4.5402766447855845
Bosnia Armenia distance: 5.107514238295684
Bosnia Australia distance: 4.592942361944987
Bosnia Austria distance: 4.66400801589652
Bosnia Belgium distance: 4.904194931699171
Bosnia Bosnia distance: 0.0
Bosnia Bulgaria distance: 4.109634445904185
Bosnia Canada distance: 4.81305529505762
Bosnia Croatia distance: 4.164579794760104
Bosnia Cyprus distance: 5.418418847436104
Bosnia Czech distance: 4.6805100668256525
Bosnia Denmark distance: 5.049322275251408
Bosnia Estonia distance: 4.744242053394905
Bosnia Finland distance: 4.652149446700116
Bosnia France distance: 4.573438814259062
Bosnia Georgia distance: 5.048348959250356
Bosnia Germany distance: 4.75883743440559
Bosnia Greece distance: 4.596474129619002
Bosnia Hungary distance: 4.827221899107977
Bosnia Iceland distance: 4.716100883157028
Bosnia India distance: 5.1602263815961775
Bosnia Ireland distance: 4.915905382518822
Bosnia Israel distance: 5.652276474714393
Bosnia Italy distance: 4.742702268741054
Bosnia Latvia distance: 4.7613800117376694
Bosnia Lithuania distance: 5.030774147454617
Bosnia Macedonia distance: 5.183319709723253
Bosnia Malta distance: 5.663346445233487
Bosnia Mexico distance: 4.764114355891049
Bosnia Moldova distance: 5.623419496102417
Bosnia Montenegro distance: 5.189390956363881
Bosnia Netherlands distance: 4.803711569422092
Bosnia NewZealand distance: 5.374998607813408
Bosnia Norway distance: 4.646984707675911
Bosnia Poland distance: 4.789105305272666
Bosnia Portugal distance: 4.733607429521174
Bosnia Romania distance: 4.58598560013913
Bosnia Russia distance: 4.470289396379336
Bosnia Serbia distance: 4.4409749342026945
Bosnia Slovakia distance: 4.8639070459020886
Bosnia Slovenia distance: 4.629896171982055
Bosnia Spain distance: 4.6760863261337136
Bosnia Sweden distance: 4.532063202759157
Bosnia Switzerland distance: 4.875079842158273
Bosnia Turkey distance: 4.683732655189265
Bosnia UK distance: 4.6501913070661605
Bosnia US distance: 4.81817944041328
Bosnia Ukraine distance: 4.948662220673323
Bulgaria Albania distance: 4.717069973337067
Bulgaria Armenia distance: 5.259484123373195
Bulgaria Australia distance: 4.245888112749512
Bulgaria Austria distance: 3.953371533859046
Bulgaria Belgium distance: 4.2915666891250694
Bulgaria Bosnia distance: 4.109634445904185
Bulgaria Bulgaria distance: 0.0
Bulgaria Canada distance: 4.365501723693491
Bulgaria Croatia distance: 3.7574786583049637
Bulgaria Cyprus distance: 5.128818610926276
Bulgaria Czech distance: 3.984282870830724
Bulgaria Denmark distance: 4.822540977564927
Bulgaria Estonia distance: 4.147915994408481
Bulgaria Finland distance: 3.874884404320138
Bulgaria France distance: 4.1108830108087515
Bulgaria Georgia distance: 4.768720079666642
Bulgaria Germany distance: 4.102782237511882
Bulgaria Greece distance: 3.815435883351308
Bulgaria Hungary distance: 4.092191210431906
Bulgaria Iceland distance: 4.330912815045371
Bulgaria India distance: 5.0247377641900215
Bulgaria Ireland distance: 4.535260856261403
Bulgaria Israel distance: 5.406313213617074
Bulgaria Italy distance: 3.9785231153142657
Bulgaria Latvia distance: 4.255923851176742
Bulgaria Lithuania distance: 4.281795731521592
Bulgaria Macedonia distance: 5.192022859686369
Bulgaria Malta distance: 5.283098666618529
Bulgaria Mexico distance: 4.479081529348
Bulgaria Moldova distance: 4.999013686771004
Bulgaria Montenegro distance: 5.1251056894317975
Bulgaria Netherlands distance: 4.152728974860841
Bulgaria NewZealand distance: 4.739611385376935
Bulgaria Norway distance: 3.9906372745065672
Bulgaria Poland distance: 4.004656280883317
Bulgaria Portugal distance: 4.116136835082216
Bulgaria Romania distance: 3.7718065049305625
Bulgaria Russia distance: 4.043897712471176
Bulgaria Serbia distance: 3.9583469009865397
Bulgaria Slovakia distance: 4.225277346499121
Bulgaria Slovenia distance: 4.161682831622492
Bulgaria Spain distance: 4.028410514897265
Bulgaria Sweden distance: 4.059804119190368
Bulgaria Switzerland distance: 4.026945363339815
Bulgaria Turkey distance: 4.431940856619973
Bulgaria UK distance: 4.558335618344998
Bulgaria US distance: 4.504968326007518
Bulgaria Ukraine distance: 4.557395499697634
Canada Albania distance: 5.12124755875915
Canada Armenia distance: 5.292397982795524
Canada Australia distance: 3.980554565974789
Canada Austria distance: 4.7471410355378
Canada Belgium distance: 4.594423236678729
Canada Bosnia distance: 4.81305529505762
Canada Bulgaria distance: 4.365501723693491
Canada Canada distance: 0.0
Canada Croatia distance: 4.466388789148899
Canada Cyprus distance: 5.32946997502562
Canada Czech distance: 4.783894453887047
Canada Denmark distance: 5.1592815215234955
Canada Estonia distance: 4.829455087346049
Canada Finland distance: 4.6439811761775305
Canada France distance: 4.7844869086913535
Canada Georgia distance: 5.117859788538742
Canada Germany distance: 4.601109574605393
Canada Greece distance: 4.66023314627428
Canada Hungary distance: 5.0115878227101325
Canada Iceland distance: 4.411764581760633
Canada India distance: 5.082730033236592
Canada Ireland distance: 4.128347155781022
Canada Israel distance: 5.11126291174894
Canada Italy distance: 4.422866700726382
Canada Latvia distance: 4.71277150133373
Canada Lithuania distance: 5.010324964658594
Canada Macedonia distance: 6.081622088629928
Canada Malta distance: 5.447939989070142
Canada Mexico distance: 5.084465044274059
Canada Moldova distance: 5.58062696454884
Canada Montenegro distance: 5.625751463273087
Canada Netherlands distance: 4.600976638908479
Canada NewZealand distance: 4.385666185042708
Canada Norway distance: 4.379933789159996
Canada Poland distance: 4.716798626472717
Canada Portugal distance: 4.860031154806199
Canada Romania distance: 4.59607596987212
Canada Russia distance: 4.559732141784736
Canada Serbia distance: 4.866701951310445
Canada Slovakia distance: 4.9367359405298465
Canada Slovenia distance: 4.90758213232167
Canada Spain distance: 4.498507448917448
Canada Sweden distance: 4.464424476174408
Canada Switzerland distance: 4.462660680257872
Canada Turkey distance: 4.762664512859004
Canada UK distance: 4.2602774207253375
Canada US distance: 3.613707767605503
Canada Ukraine distance: 5.036163533856348
Croatia Albania distance: 4.657863652803119
Croatia Armenia distance: 5.165087169839131
Croatia Australia distance: 4.355903498929572
Croatia Austria distance: 4.117846697766109
Croatia Belgium distance: 4.356441014081167
Croatia Bosnia distance: 4.164579794760104
Croatia Bulgaria distance: 3.7574786583049637
Croatia Canada distance: 4.466388789148899
Croatia Croatia distance: 0.0
Croatia Cyprus distance: 4.9243390500977275
Croatia Czech distance: 3.9319948179140156
Croatia Denmark distance: 4.628168640194734
Croatia Estonia distance: 4.454927407112748
Croatia Finland distance: 3.9143562598170183
Croatia France distance: 4.198127554000907
Croatia Georgia distance: 4.867966642333107
Croatia Germany distance: 4.061459903921955
Croatia Greece distance: 4.158787628815969
Croatia Hungary distance: 3.996335949180857
Croatia Iceland distance: 4.063591104532675
Croatia India distance: 4.892362298032748
Croatia Ireland distance: 4.435029099954068
Croatia Israel distance: 5.301861645695167
Croatia Italy distance: 4.009930373085401
Croatia Latvia distance: 4.065129569294993
Croatia Lithuania distance: 4.236354269486356
Croatia Macedonia distance: 5.42972442087925
Croatia Malta distance: 5.103422423774326
Croatia Mexico distance: 4.454737160533624
Croatia Moldova distance: 5.193819671375419
Croatia Montenegro distance: 4.932939048362248
Croatia Netherlands distance: 4.113148526406755
Croatia NewZealand distance: 4.55549981876252
Croatia Norway distance: 4.0993274520934175
Croatia Poland distance: 3.875783144031779
Croatia Portugal distance: 4.155676968462622
Croatia Romania distance: 3.9827505479549736
Croatia Russia distance: 4.312999325101476
Croatia Serbia distance: 4.039401339907617
Croatia Slovakia distance: 4.0810921580357755
Croatia Slovenia distance: 4.037720813682992
Croatia Spain distance: 4.024723926367768
Croatia Sweden distance: 4.047066039419141
Croatia Switzerland distance: 4.185586491900611
Croatia Turkey distance: 4.408980638062305
Croatia UK distance: 4.608156349851126
Croatia US distance: 4.5393157479956425
Croatia Ukraine distance: 4.601981923512044
Cyprus Albania distance: 5.192095394729074
Cyprus Armenia distance: 5.501053013927395
Cyprus Australia distance: 5.186686374087565
Cyprus Austria distance: 5.150932265412037
Cyprus Belgium distance: 5.05531751674381
Cyprus Bosnia distance: 5.418418847436104
Cyprus Bulgaria distance: 5.128818610926276
Cyprus Canada distance: 5.32946997502562
Cyprus Croatia distance: 4.9243390500977275
Cyprus Cyprus distance: 0.0
Cyprus Czech distance: 5.234745062160906
Cyprus Denmark distance: 5.511345654899837
Cyprus Estonia distance: 5.251140133972787
Cyprus Finland distance: 5.231297991418267
Cyprus France distance: 5.17588697030957
Cyprus Georgia distance: 5.815283888961391
Cyprus Germany distance: 4.789400753275338
Cyprus Greece distance: 4.968732359950081
Cyprus Hungary distance: 5.528496853156544
Cyprus Iceland distance: 5.573121962346056
Cyprus India distance: 5.297523398651549
Cyprus Ireland distance: 5.327815520413746
Cyprus Israel distance: 4.961703844847149
Cyprus Italy distance: 4.978591261718596
Cyprus Latvia distance: 4.945181720180319
Cyprus Lithuania distance: 5.478961094810656
Cyprus Macedonia distance: 6.708402668786048
Cyprus Malta distance: 5.712271811852101
Cyprus Mexico distance: 5.479603988312142
Cyprus Moldova distance: 5.59629461920672
Cyprus Montenegro distance: 5.502966404020677
Cyprus Netherlands distance: 5.235874388490935
Cyprus NewZealand distance: 5.079454419319567
Cyprus Norway distance: 5.104609426989244
Cyprus Poland distance: 5.322641627107151
Cyprus Portugal distance: 5.1015193805415695
Cyprus Romania distance: 5.242505174975123
Cyprus Russia distance: 5.126912234396136
Cyprus Serbia distance: 5.286288175787483
Cyprus Slovakia distance: 5.248996739113895
Cyprus Slovenia distance: 5.2666086349198835
Cyprus Spain distance: 4.54930843758673
Cyprus Sweden distance: 5.388327111434686
Cyprus Switzerland distance: 4.743863580187744
Cyprus Turkey distance: 4.8544336526049925
Cyprus UK distance: 5.023491034545291
Cyprus US distance: 5.502073744219034
Cyprus Ukraine distance: 4.767162656033819
Czech Albania distance: 4.92445453912619
Czech Armenia distance: 5.692875715193087
Czech Australia distance: 4.486902583413146
Czech Austria distance: 3.8735836702989737
Czech Belgium distance: 4.085246722097957
Czech Bosnia distance: 4.6805100668256525
Czech Bulgaria distance: 3.984282870830724
Czech Canada distance: 4.783894453887047
Czech Croatia distance: 3.9319948179140156
Czech Cyprus distance: 5.234745062160906
Czech Czech distance: 0.0
Czech Denmark distance: 4.755693642505253
Czech Estonia distance: 4.028958003295285
Czech Finland distance: 3.705349546648295
Czech France distance: 4.243139394479626
Czech Georgia distance: 5.182648649711015
Czech Germany distance: 3.931507713652187
Czech Greece distance: 4.215219027743626
Czech Hungary distance: 3.845658528166578
Czech Iceland distance: 4.402067584421308
Czech India distance: 5.263628272246761
Czech Ireland distance: 4.822367195856583
Czech Israel distance: 5.425274604222667
Czech Italy distance: 3.9057939162734767
Czech Latvia distance: 4.083634365431297
Czech Lithuania distance: 4.204756895080297
Czech Macedonia distance: 5.726792671153815
Czech Malta distance: 5.298271500184769
Czech Mexico distance: 4.785515369837153
Czech Moldova distance: 4.967290077204947
Czech Montenegro distance: 5.267019329771597
Czech Netherlands distance: 4.0843507686194425
Czech NewZealand distance: 4.702450731321654
Czech Norway distance: 4.1285078915509725
Czech Poland distance: 3.8900389906784034
Czech Portugal distance: 4.303861899731136
Czech Romania distance: 3.9777400893934756
Czech Russia distance: 4.330358213667432
Czech Serbia distance: 4.180338674382517
Czech Slovakia distance: 3.819716010762144
Czech Slovenia distance: 4.108208522660667
Czech Spain distance: 4.0464577259062375
Czech Sweden distance: 4.100567160647767
Czech Switzerland distance: 3.754129587679989
Czech Turkey distance: 4.746902256238397
Czech UK distance: 4.7884126770972815
Czech US distance: 4.785265691533436
Czech Ukraine distance: 4.551509848771572
Denmark Albania distance: 4.783902163263387
Denmark Armenia distance: 5.886326141924248
Denmark Australia distance: 5.1262482300054
Denmark Austria distance: 4.294986340626103
Denmark Belgium distance: 4.438614312043463
Denmark Bosnia distance: 5.049322275251408
Denmark Bulgaria distance: 4.822540977564927
Denmark Canada distance: 5.1592815215234955
Denmark Croatia distance: 4.628168640194734
Denmark Cyprus distance: 5.511345654899837
Denmark Czech distance: 4.755693642505253
Denmark Denmark distance: 0.0
Denmark Estonia distance: 4.583819929427794
Denmark Finland distance: 4.334060065185112
Denmark France distance: 4.6803592040853825
Denmark Georgia distance: 5.5659638348084455
Denmark Germany distance: 4.343644667019483
Denmark Greece distance: 4.948497869272183
Denmark Hungary distance: 4.625687248074106
Denmark Iceland distance: 4.31875044952212
Denmark India distance: 5.292789515767868
Denmark Ireland distance: 4.923224047840896
Denmark Israel distance: 5.55790938551391
Denmark Italy distance: 4.414615714103321
Denmark Latvia distance: 4.6562515210968956
Denmark Lithuania distance: 4.631336254149583
Denmark Macedonia distance: 5.567663653641519
Denmark Malta distance: 5.573108924914005
Denmark Mexico distance: 4.8753350826373385
Denmark Moldova distance: 5.170705980447714
Denmark Montenegro distance: 5.487497726533979
Denmark Netherlands distance: 4.377966357060676
Denmark NewZealand distance: 4.759467506497333
Denmark Norway distance: 4.006176615223652
Denmark Poland distance: 4.811162624054245
Denmark Portugal distance: 4.481439189261872
Denmark Romania distance: 4.700202553796885
Denmark Russia distance: 5.1167574957382564
Denmark Serbia distance: 4.70358022312169
Denmark Slovakia distance: 4.776410241007378
Denmark Slovenia distance: 4.743555067088064
Denmark Spain distance: 4.445636410878025
Denmark Sweden distance: 4.184726733907824
Denmark Switzerland distance: 4.575250211555055
Denmark Turkey distance: 4.7492561075083755
Denmark UK distance: 4.852978610921597
Denmark US distance: 5.098612214823033
Denmark Ukraine distance: 5.056847489189993
Estonia Albania distance: 4.86466972673062
Estonia Armenia distance: 5.350869752497171
Estonia Australia distance: 4.623424948385462
Estonia Austria distance: 3.8635121925587645
Estonia Belgium distance: 4.061562009164318
Estonia Bosnia distance: 4.744242053394905
Estonia Bulgaria distance: 4.147915994408481
Estonia Canada distance: 4.829455087346049
Estonia Croatia distance: 4.454927407112748
Estonia Cyprus distance: 5.251140133972787
Estonia Czech distance: 4.028958003295285
Estonia Denmark distance: 4.583819929427794
Estonia Estonia distance: 0.0
Estonia Finland distance: 3.8132863750697976
Estonia France distance: 4.400459756853958
Estonia Georgia distance: 5.254737890830344
Estonia Germany distance: 4.038520705661853
Estonia Greece distance: 4.275975434336306
Estonia Hungary distance: 4.143981566859785
Estonia Iceland distance: 4.248220567711473
Estonia India distance: 5.29717235982602
Estonia Ireland distance: 4.761600283114256
Estonia Israel distance: 5.3936039068045405
Estonia Italy distance: 4.1292141341168955
Estonia Latvia distance: 4.052932209674723
Estonia Lithuania distance: 4.413341713800912
Estonia Macedonia distance: 5.515395774738603
Estonia Malta distance: 5.268682881946045
Estonia Mexico distance: 4.895450817238362
Estonia Moldova distance: 5.205840298646068
Estonia Montenegro distance: 5.175499373852024
Estonia Netherlands distance: 4.0489273024618635
Estonia NewZealand distance: 4.76881485433392
Estonia Norway distance: 3.951513622974295
Estonia Poland distance: 4.14692836196978
Estonia Portugal distance: 4.357579621393082
Estonia Romania distance: 4.346735932759031
Estonia Russia distance: 4.44706542521466
Estonia Serbia distance: 4.3779796002446005
Estonia Slovakia distance: 4.270146357619976
Estonia Slovenia distance: 4.432491866617786
Estonia Spain distance: 4.297844885455052
Estonia Sweden distance: 4.144653483701217
Estonia Switzerland distance: 3.8301534771321024
Estonia Turkey distance: 4.71607884727064
Estonia UK distance: 4.604129665938047
Estonia US distance: 4.982310196947575
Estonia Ukraine distance: 4.516309989408089
Finland Albania distance: 5.048794676623957
Finland Armenia distance: 5.749257469799622
Finland Australia distance: 4.27369116372196
Finland Austria distance: 3.578131502317418
Finland Belgium distance: 3.9143612330534046
Finland Bosnia distance: 4.652149446700116
Finland Bulgaria distance: 3.874884404320138
Finland Canada distance: 4.6439811761775305
Finland Croatia distance: 3.9143562598170183
Finland Cyprus distance: 5.231297991418267
Finland Czech distance: 3.705349546648295
Finland Denmark distance: 4.334060065185112
Finland Estonia distance: 3.8132863750697976
Finland Finland distance: 0.0
Finland France distance: 4.133774424829291
Finland Georgia distance: 5.29613734493844
Finland Germany distance: 3.776264407059164
Finland Greece distance: 4.267032407285274
Finland Hungary distance: 4.007303344731165
Finland Iceland distance: 4.305161301239058
Finland India distance: 5.319524281481666
Finland Ireland distance: 4.611200791748409
Finland Israel distance: 5.6312884243258905
Finland Italy distance: 3.9618374738979076
Finland Latvia distance: 3.955985593793821
Finland Lithuania distance: 4.084452498594446
Finland Macedonia distance: 5.622802122559875
Finland Malta distance: 5.2117325524077245
Finland Mexico distance: 4.683578650174214
Finland Moldova distance: 5.034313988645845
Finland Montenegro distance: 5.198462582766016
Finland Netherlands distance: 3.849974838630086
Finland NewZealand distance: 4.727778671103457
Finland Norway distance: 3.7543474966233013
Finland Poland distance: 3.7239732417816658
Finland Portugal distance: 4.137531861684389
Finland Romania distance: 3.8691684676211504
Finland Russia distance: 4.508974898062956
Finland Serbia distance: 4.060583812921306
Finland Slovakia distance: 3.9090749214058693
Finland Slovenia distance: 3.943216172629715
Finland Spain distance: 3.972648945438443
Finland Sweden distance: 3.595082456425039
Finland Switzerland distance: 3.910259720788212
Finland Turkey distance: 4.89601937931585
Finland UK distance: 4.493642051787735
Finland US distance: 4.742925845766279
Finland Ukraine distance: 4.654689602266863
France Albania distance: 4.782737409683098
France Armenia distance: 5.475065115192719
France Australia distance: 4.6733011754277225
France Austria distance: 3.932383621595741
France Belgium distance: 4.231576436936509
France Bosnia distance: 4.573438814259062
France Bulgaria distance: 4.1108830108087515
France Canada distance: 4.7844869086913535
France Croatia distance: 4.198127554000907
France Cyprus distance: 5.17588697030957
France Czech distance: 4.243139394479626
France Denmark distance: 4.6803592040853825
France Estonia distance: 4.400459756853958
France Finland distance: 4.133774424829291
France France distance: 0.0
France Georgia distance: 4.895689455858691
France Germany distance: 4.188636590581011
France Greece distance: 4.252112038825379
France Hungary distance: 4.12239202112434
France Iceland distance: 4.055116245199961
France India distance: 4.9153436146135805
France Ireland distance: 4.805436599800629
France Israel distance: 5.266691628901301
France Italy distance: 4.084976062755583
France Latvia distance: 4.198702761490036
France Lithuania distance: 4.586334896417146
France Macedonia distance: 5.544127739503328
France Malta distance: 5.653941094874548
France Mexico distance: 4.642725951514677
France Moldova distance: 5.3899935133682
France Montenegro distance: 5.206099237248135
France Netherlands distance: 4.233490676073176
France NewZealand distance: 4.948138104165583
France Norway distance: 4.27540545540239
France Poland distance: 4.28258372910921
France Portugal distance: 4.2500233545753465
France Romania distance: 4.195966221260836
France Russia distance: 4.235195557006535
France Serbia distance: 4.154307893083728
France Slovakia distance: 4.388864709041438
France Slovenia distance: 4.758377040478407
France Spain distance: 4.106069264030088
France Sweden distance: 4.140691777950578
France Switzerland distance: 3.982793271197107
France Turkey distance: 4.4279395373796895
France UK distance: 4.8145666011146036
France US distance: 4.775230460080772
France Ukraine distance: 4.635617823243042
Georgia Albania distance: 4.807983035416858
Georgia Armenia distance: 5.491464422761916
Georgia Australia distance: 5.251855466842777
Georgia Austria distance: 4.916330388493421
Georgia Belgium distance: 5.400625510034977
Georgia Bosnia distance: 5.048348959250356
Georgia Bulgaria distance: 4.768720079666643
Georgia Canada distance: 5.117859788538742
Georgia Croatia distance: 4.867966642333107
Georgia Cyprus distance: 5.815283888961391
Georgia Czech distance: 5.182648649711015
Georgia Denmark distance: 5.5659638348084455
Georgia Estonia distance: 5.254737890830344
Georgia Finland distance: 5.29613734493844
Georgia France distance: 4.895689455858691
Georgia Georgia distance: 0.0
Georgia Germany distance: 5.103263270606943
Georgia Greece distance: 4.959696319512764
Georgia Hungary distance: 5.062527956749161
Georgia Iceland distance: 4.762189170829024
Georgia India distance: 4.921964300927505
Georgia Ireland distance: 4.764965952046435
Georgia Israel distance: 5.3370311846511225
Georgia Italy distance: 4.995510902354255
Georgia Latvia distance: 4.992956840571168
Georgia Lithuania distance: 5.193952547068185
Georgia Macedonia distance: 5.829725816641565
Georgia Malta distance: 5.947156315708482
Georgia Mexico distance: 5.199283630015032
Georgia Moldova distance: 5.940019422499231
Georgia Montenegro distance: 5.550542154945536
Georgia Netherlands distance: 5.060713868773499
Georgia NewZealand distance: 5.295837872602972
Georgia Norway distance: 4.966156317394927
Georgia Poland distance: 5.1740979530541695
Georgia Portugal distance: 4.955884171469164
Georgia Romania distance: 4.864066910626902
Georgia Russia distance: 5.2441424849850815
Georgia Serbia distance: 4.700965558764331
Georgia Slovakia distance: 5.049453682749756
Georgia Slovenia distance: 5.278528196979069
Georgia Spain distance: 4.849641539179667
Georgia Sweden distance: 4.985839020952018
Georgia Switzerland distance: 5.052454947546911
Georgia Turkey distance: 4.749497138764094
Georgia UK distance: 5.203760830312788
Georgia US distance: 5.026759706745248
Georgia Ukraine distance: 5.6034180527216195
Germany Albania distance: 4.894688078527474
Germany Armenia distance: 5.640228120564012
Germany Australia distance: 4.371515542779263
Germany Austria distance: 3.426879857616094
Germany Belgium distance: 3.7551899960129265
Germany Bosnia distance: 4.75883743440559
Germany Bulgaria distance: 4.102782237511882
Germany Canada distance: 4.601109574605393
Germany Croatia distance: 4.061459903921955
Germany Cyprus distance: 4.789400753275338
Germany Czech distance: 3.931507713652187
Germany Denmark distance: 4.343644667019483
Germany Estonia distance: 4.038520705661853
Germany Finland distance: 3.776264407059164
Germany France distance: 4.188636590581011
Germany Georgia distance: 5.103263270606943
Germany Germany distance: 0.0
Germany Greece distance: 4.162452812287863
Germany Hungary distance: 4.046436051929723
Germany Iceland distance: 4.20103078323288
Germany India distance: 4.81059454605818
Germany Ireland distance: 4.570710568414786
Germany Israel distance: 5.018852990989775
Germany Italy distance: 4.073505801149372
Germany Latvia distance: 4.129899536333968
Germany Lithuania distance: 4.464814315836779
Germany Macedonia distance: 5.809269835614766
Germany Malta distance: 5.419075622176182
Germany Mexico distance: 4.719090408463454
Germany Moldova distance: 5.072220565735262
Germany Montenegro distance: 5.035727587160327
Germany Netherlands distance: 3.7631393497071546
Germany NewZealand distance: 4.3597262641875965
Germany Norway distance: 3.7690426261158754
Germany Poland distance: 4.022444352643325
Germany Portugal distance: 4.292449213414435
Germany Romania distance: 4.082086174698791
Germany Russia distance: 4.2184376973666735
Germany Serbia distance: 4.29661652064451
Germany Slovakia distance: 3.9860007547278826
Germany Slovenia distance: 4.338156312369806
Germany Spain distance: 3.8272108633048347
Germany Sweden distance: 3.8355950650360895
Germany Switzerland distance: 3.6057053562801418
Germany Turkey distance: 4.645512638773215
Germany UK distance: 4.255582194430004
Germany US distance: 4.700254197603988
Germany Ukraine distance: 4.161957882398091
Greece Albania distance: 4.6257806007891
Greece Armenia distance: 5.290008122267675
Greece Australia distance: 4.572535895774
Greece Austria distance: 4.263865051352761
Greece Belgium distance: 4.3891661597762655
Greece Bosnia distance: 4.596474129619002
Greece Bulgaria distance: 3.815435883351308
Greece Canada distance: 4.66023314627428
Greece Croatia distance: 4.158787628815969
Greece Cyprus distance: 4.968732359950081
Greece Czech distance: 4.215219027743626
Greece Denmark distance: 4.948497869272183
Greece Estonia distance: 4.275975434336306
Greece Finland distance: 4.267032407285274
Greece France distance: 4.252112038825379
Greece Georgia distance: 4.959696319512764
Greece Germany distance: 4.162452812287863
Greece Greece distance: 0.0
Greece Hungary distance: 4.32642250742283
Greece Iceland distance: 4.496335567051162
Greece India distance: 5.069831749308617
Greece Ireland distance: 4.637576284181456
Greece Israel distance: 5.353436515730305
Greece Italy distance: 4.220922351721575
Greece Latvia distance: 4.295202658023889
Greece Lithuania distance: 4.509738481383264
Greece Macedonia distance: 5.615653683917733
Greece Malta distance: 5.400318830964681
Greece Mexico distance: 4.654300952242791
Greece Moldova distance: 5.013118415438774
Greece Montenegro distance: 5.0387356096849
Greece Netherlands distance: 4.225520108288333
Greece NewZealand distance: 4.86606686053268
Greece Norway distance: 4.4542936669205435
Greece Poland distance: 4.342048856534537
Greece Portugal distance: 4.38074284331562
Greece Romania distance: 4.095787911720849
Greece Russia distance: 4.341085036430124
Greece Serbia distance: 4.3564319811724
Greece Slovakia distance: 4.31744053589608
Greece Slovenia distance: 4.5156145663663665
Greece Spain distance: 4.050587985803089
Greece Sweden distance: 4.253100566814485
Greece Switzerland distance: 4.157634687427457
Greece Turkey distance: 4.476271617778148
Greece UK distance: 4.783491530202711
Greece US distance: 4.860677467634553
Greece Ukraine distance: 4.575780238162354
Hungary Albania distance: 4.705413392563158
Hungary Armenia distance: 5.785922410906466
Hungary Australia distance: 4.664873878022297
Hungary Austria distance: 3.8864839751656874
Hungary Belgium distance: 4.438891118375265
Hungary Bosnia distance: 4.827221899107977
Hungary Bulgaria distance: 4.092191210431906
Hungary Canada distance: 5.0115878227101325
Hungary Croatia distance: 3.996335949180857
Hungary Cyprus distance: 5.528496853156544
Hungary Czech distance: 3.845658528166578
Hungary Denmark distance: 4.625687248074106
Hungary Estonia distance: 4.143981566859785
Hungary Finland distance: 4.007303344731165
Hungary France distance: 4.12239202112434
Hungary Georgia distance: 5.062527956749161
Hungary Germany distance: 4.046436051929723
Hungary Greece distance: 4.32642250742283
Hungary Hungary distance: 0.0
Hungary Iceland distance: 4.288219188790835
Hungary India distance: 5.306819853274635
Hungary Ireland distance: 4.697832279805342
Hungary Israel distance: 5.556809275036061
Hungary Italy distance: 4.09521419213625
Hungary Latvia distance: 4.296316325939851
Hungary Lithuania distance: 4.312273451279997
Hungary Macedonia distance: 5.409866004543263
Hungary Malta distance: 5.502721689929888
Hungary Mexico distance: 4.665711919495148
Hungary Moldova distance: 5.20736763755083
Hungary Montenegro distance: 5.2945132318463175
Hungary Netherlands distance: 4.147544406597972
Hungary NewZealand distance: 4.743943098708828
Hungary Norway distance: 4.083084117450282
Hungary Poland distance: 3.943327286531829
Hungary Portugal distance: 4.257211422772907
Hungary Romania distance: 4.018157694180651
Hungary Russia distance: 4.510837689319131
Hungary Serbia distance: 4.021342642287309
Hungary Slovakia distance: 3.9028369978679254
Hungary Slovenia distance: 4.281334040973966
Hungary Spain distance: 4.126062106533688
Hungary Sweden distance: 3.95555503440055
Hungary Switzerland distance: 4.125362523938494
Hungary Turkey distance: 4.730700312929165
Hungary UK distance: 4.874370739734695
Hungary US distance: 5.2030785982405545
Hungary Ukraine distance: 4.592617129702391
Iceland Albania distance: 4.760889575367574
Iceland Armenia distance: 5.3683048114004634
Iceland Australia distance: 4.529368834575565
Iceland Austria distance: 4.037321450300509
Iceland Belgium distance: 4.4143341626914925
Iceland Bosnia distance: 4.716100883157028
Iceland Bulgaria distance: 4.330912815045371
Iceland Canada distance: 4.411764581760633
Iceland Croatia distance: 4.063591104532675
Iceland Cyprus distance: 5.573121962346056
Iceland Czech distance: 4.402067584421308
Iceland Denmark distance: 4.31875044952212
Iceland Estonia distance: 4.248220567711473
Iceland Finland distance: 4.305161301239058
Iceland France distance: 4.055116245199961
Iceland Georgia distance: 4.762189170829024
Iceland Germany distance: 4.20103078323288
Iceland Greece distance: 4.496335567051162
Iceland Hungary distance: 4.288219188790835
Iceland Iceland distance: 0.0
Iceland India distance: 4.958410326072271
Iceland Ireland distance: 4.202937381322056
Iceland Israel distance: 5.219684993085839
Iceland Italy distance: 3.9265451620078387
Iceland Latvia distance: 4.398405434087612
Iceland Lithuania distance: 4.502921790534604
Iceland Macedonia distance: 5.650002824688347
Iceland Malta distance: 5.380484293785352
Iceland Mexico distance: 4.753351017082444
Iceland Moldova distance: 5.511329133102196
Iceland Montenegro distance: 5.141680534231745
Iceland Netherlands distance: 3.991283710934009
Iceland NewZealand distance: 4.588268836323747
Iceland Norway distance: 3.8463121935619227
Iceland Poland distance: 4.383746646258556
Iceland Portugal distance: 4.268286049695457
Iceland Romania distance: 4.257155765998007
Iceland Russia distance: 4.544696644292297
Iceland Serbia distance: 4.363587612341211
Iceland Slovakia distance: 4.3015664083876635
Iceland Slovenia distance: 4.533279457363119
Iceland Spain distance: 4.251281948742212
Iceland Sweden distance: 3.8895535556930905
Iceland Switzerland distance: 4.2554466282630345
Iceland Turkey distance: 4.451813673240514
Iceland UK distance: 4.456742037514963
Iceland US distance: 4.4986105352039445
Iceland Ukraine distance: 4.966996820240311
India Albania distance: 4.673924782240736
India Armenia distance: 5.4022755191078335
India Australia distance: 5.050347346059656
India Austria distance: 4.981675247397733
India Belgium distance: 5.094760527675824
India Bosnia distance: 5.1602263815961775
India Bulgaria distance: 5.0247377641900215
India Canada distance: 5.082730033236592
India Croatia distance: 4.892362298032748
India Cyprus distance: 5.297523398651549
India Czech distance: 5.263628272246761
India Denmark distance: 5.292789515767868
India Estonia distance: 5.29717235982602
India Finland distance: 5.319524281481666
India France distance: 4.9153436146135805
India Georgia distance: 4.921964300927505
India Germany distance: 4.81059454605818
India Greece distance: 5.069831749308617
India Hungary distance: 5.306819853274635
India Iceland distance: 4.958410326072271
India India distance: 0.0
India Ireland distance: 5.043735044504307
India Israel distance: 4.844118761557503
India Italy distance: 5.009436454720398
India Latvia distance: 5.181960629126352
India Lithuania distance: 5.55619058782833
India Macedonia distance: 6.19415448930443
India Malta distance: 5.983591194856598
India Mexico distance: 4.943705550910999
India Moldova distance: 5.909417597330208
India Montenegro distance: 5.770809593163357
India Netherlands distance: 5.192901739991478
India NewZealand distance: 4.972478787955123
India Norway distance: 4.89997111112072
India Poland distance: 5.554267230549751
India Portugal distance: 5.096860503628096
India Romania distance: 4.829059125013315
India Russia distance: 5.179592591788609
India Serbia distance: 4.655950813669061
India Slovakia distance: 4.778061533650114
India Slovenia distance: 5.1959721921665825
India Spain distance: 4.611648280368033
India Sweden distance: 5.015624059888307
India Switzerland distance: 4.9945375591744146
India Turkey distance: 4.619771535318379
India UK distance: 5.010545664848974
India US distance: 5.159004649170354
India Ukraine distance: 5.007774815077732
Ireland Albania distance: 5.072224359479688
Ireland Armenia distance: 5.208814838483482
Ireland Australia distance: 4.101147851050573
Ireland Austria distance: 4.463855140480491
Ireland Belgium distance: 4.656394998358678
Ireland Bosnia distance: 4.915905382518822
Ireland Bulgaria distance: 4.535260856261403
Ireland Canada distance: 4.128347155781022
Ireland Croatia distance: 4.435029099954068
Ireland Cyprus distance: 5.327815520413746
Ireland Czech distance: 4.822367195856583
Ireland Denmark distance: 4.923224047840896
Ireland Estonia distance: 4.761600283114256
Ireland Finland distance: 4.611200791748409
Ireland France distance: 4.805436599800629
Ireland Georgia distance: 4.764965952046435
Ireland Germany distance: 4.570710568414786
Ireland Greece distance: 4.637576284181456
Ireland Hungary distance: 4.697832279805342
Ireland Iceland distance: 4.202937381322056
Ireland India distance: 5.043735044504307
Ireland Ireland distance: 0.0
Ireland Israel distance: 5.217925044244728
Ireland Italy distance: 4.465166619592338
Ireland Latvia distance: 4.672338289646443
Ireland Lithuania distance: 4.876684010437487
Ireland Macedonia distance: 5.9626124672082055
Ireland Malta distance: 5.212702535372561
Ireland Mexico distance: 5.140406853170344
Ireland Moldova distance: 5.741932341946422
Ireland Montenegro distance: 5.441330372861286
Ireland Netherlands distance: 4.304179559730902
Ireland NewZealand distance: 4.207655023521259
Ireland Norway distance: 4.271186386307521
Ireland Poland distance: 4.717704789015892
Ireland Portugal distance: 4.628144755017922
Ireland Romania distance: 4.379687141366957
Ireland Russia distance: 4.760188837845567
Ireland Serbia distance: 4.69363759041955
Ireland Slovakia distance: 4.652800394288541
Ireland Slovenia distance: 4.69901867877541
Ireland Spain distance: 4.522039877240387
Ireland Sweden distance: 4.280276839600895
Ireland Switzerland distance: 4.363227071275628
Ireland Turkey distance: 5.000393109589139
Ireland UK distance: 3.500135609788834
Ireland US distance: 4.289285140686052
Ireland Ukraine distance: 5.127573912384677
Israel Albania distance: 5.195095237228494
Israel Armenia distance: 5.426695113456929
Israel Australia distance: 5.3139374872314225
Israel Austria distance: 5.33554482939868
Israel Belgium distance: 5.285249590324309
Israel Bosnia distance: 5.652276474714393
Israel Bulgaria distance: 5.406313213617074
Israel Canada distance: 5.11126291174894
Israel Croatia distance: 5.301861645695167
Israel Cyprus distance: 4.961703844847149
Israel Czech distance: 5.425274604222667
Israel Denmark distance: 5.55790938551391
Israel Estonia distance: 5.3936039068045405
Israel Finland distance: 5.6312884243258905
Israel France distance: 5.266691628901301
Israel Georgia distance: 5.3370311846511225
Israel Germany distance: 5.018852990989775
Israel Greece distance: 5.353436515730305
Israel Hungary distance: 5.556809275036061
Israel Iceland distance: 5.219684993085839
Israel India distance: 4.844118761557503
Israel Ireland distance: 5.217925044244728
Israel Israel distance: 0.0
Israel Italy distance: 5.4131100130235685
Israel Latvia distance: 5.309850390136228
Israel Lithuania distance: 5.931765036836348
Israel Macedonia distance: 6.899518998539693
Israel Malta distance: 6.782138674939391
Israel Mexico distance: 5.758579845759094
Israel Moldova distance: 6.060726435789062
Israel Montenegro distance: 5.858498321369446
Israel Netherlands distance: 5.417354554838489
Israel NewZealand distance: 4.84264099012254
Israel Norway distance: 5.205760034076903
Israel Poland distance: 5.878686020841603
Israel Portugal distance: 5.58359639820066
Israel Romania distance: 5.420774271190892
Israel Russia distance: 4.874400591563057
Israel Serbia distance: 5.313303417620079
Israel Slovakia distance: 5.495823244954492
Israel Slovenia distance: 6.086071061411508
Israel Spain distance: 4.883537763630624
Israel Sweden distance: 5.481037004521977
Israel Switzerland distance: 5.326463365612958
Israel Turkey distance: 4.618281824531587
Israel UK distance: 5.057769172247379
Israel US distance: 5.14315818147324
Israel Ukraine distance: 4.708272426034834
Italy Albania distance: 4.64487754667524
Italy Armenia distance: 5.454577691121865
Italy Australia distance: 4.409712113217069
Italy Austria distance: 4.020342117083298
Italy Belgium distance: 4.142409416802902
Italy Bosnia distance: 4.742702268741054
Italy Bulgaria distance: 3.9785231153142657
Italy Canada distance: 4.422866700726382
Italy Croatia distance: 4.009930373085401
Italy Cyprus distance: 4.978591261718596
Italy Czech distance: 3.9057939162734767
Italy Denmark distance: 4.414615714103321
Italy Estonia distance: 4.1292141341168955
Italy Finland distance: 3.9618374738979076
Italy France distance: 4.084976062755583
Italy Georgia distance: 4.995510902354255
Italy Germany distance: 4.073505801149372
Italy Greece distance: 4.220922351721575
Italy Hungary distance: 4.09521419213625
Italy Iceland distance: 3.9265451620078387
Italy India distance: 5.009436454720398
Italy Ireland distance: 4.465166619592338
Italy Israel distance: 5.4131100130235685
Italy Italy distance: 0.0
Italy Latvia distance: 4.133951831673185
Italy Lithuania distance: 4.183671286072882
Italy Macedonia distance: 5.53642688998805
Italy Malta distance: 4.858733422995731
Italy Mexico distance: 4.369301867891611
Italy Moldova distance: 5.166622877332109
Italy Montenegro distance: 5.272697528554978
Italy Netherlands distance: 4.235397260743455
Italy NewZealand distance: 4.443215545922435
Italy Norway distance: 3.8558337417674196
Italy Poland distance: 3.949960724820336
Italy Portugal distance: 3.9723449538191358
Italy Romania distance: 4.073502699980814
Italy Russia distance: 4.457221580680284
Italy Serbia distance: 4.243067230730246
Italy Slovakia distance: 4.090407009309006
Italy Slovenia distance: 4.065733049012671
Italy Spain distance: 3.9377440491640323
Italy Sweden distance: 3.9744074807858962
Italy Switzerland distance: 3.912661065021983
Italy Turkey distance: 4.562001119172669
Italy UK distance: 4.388222196946807
Italy US distance: 4.657685147411329
Italy Ukraine distance: 4.474104855923795
Latvia Albania distance: 4.903811842542415
Latvia Armenia distance: 5.463911971490334
Latvia Australia distance: 4.497461203023102
Latvia Austria distance: 3.9385044084391834
Latvia Belgium distance: 4.131543246592569
Latvia Bosnia distance: 4.7613800117376694
Latvia Bulgaria distance: 4.255923851176742
Latvia Canada distance: 4.71277150133373
Latvia Croatia distance: 4.065129569294993
Latvia Cyprus distance: 4.945181720180319
Latvia Czech distance: 4.083634365431297
Latvia Denmark distance: 4.6562515210968956
Latvia Estonia distance: 4.052932209674723
Latvia Finland distance: 3.955985593793821
Latvia France distance: 4.198702761490036
Latvia Georgia distance: 4.992956840571168
Latvia Germany distance: 4.129899536333968
Latvia Greece distance: 4.295202658023889
Latvia Hungary distance: 4.296316325939851
Latvia Iceland distance: 4.398405434087612
Latvia India distance: 5.181960629126352
Latvia Ireland distance: 4.672338289646443
Latvia Israel distance: 5.309850390136228
Latvia Italy distance: 4.133951831673185
Latvia Latvia distance: 0.0
Latvia Lithuania distance: 4.138578030957662
Latvia Macedonia distance: 5.696423021336332
Latvia Malta distance: 5.357554096160271
Latvia Mexico distance: 4.859945411847116
Latvia Moldova distance: 5.098368345069669
Latvia Montenegro distance: 4.9462008623561555
Latvia Netherlands distance: 3.96091188050943
Latvia NewZealand distance: 4.698264380821322
Latvia Norway distance: 4.153724130410735
Latvia Poland distance: 4.084849715233064
Latvia Portugal distance: 4.359986225504174
Latvia Romania distance: 4.1704922498828685
Latvia Russia distance: 4.3827509019819875
Latvia Serbia distance: 4.273049288771809
Latvia Slovakia distance: 4.2240025549866065
Latvia Slovenia distance: 4.282411858504593
Latvia Spain distance: 4.235497348509765
Latvia Sweden distance: 4.117429160515301
Latvia Switzerland distance: 4.044673611876114
Latvia Turkey distance: 4.5562323246174605
Latvia UK distance: 4.555403052927271
Latvia US distance: 4.701837893963823
Latvia Ukraine distance: 4.43161571549188
Lithuania Albania distance: 4.965247867027673
Lithuania Armenia distance: 5.840437123404944
Lithuania Australia distance: 4.732305436110107
Lithuania Austria distance: 4.203044213531884
Lithuania Belgium distance: 4.481420667269111
Lithuania Bosnia distance: 5.030774147454617
Lithuania Bulgaria distance: 4.281795731521592
Lithuania Canada distance: 5.010324964658594
Lithuania Croatia distance: 4.236354269486356
Lithuania Cyprus distance: 5.478961094810656
Lithuania Czech distance: 4.204756895080297
Lithuania Denmark distance: 4.631336254149583
Lithuania Estonia distance: 4.413341713800912
Lithuania Finland distance: 4.084452498594446
Lithuania France distance: 4.586334896417146
Lithuania Georgia distance: 5.193952547068185
Lithuania Germany distance: 4.464814315836779
Lithuania Greece distance: 4.509738481383264
Lithuania Hungary distance: 4.312273451279997
Lithuania Iceland distance: 4.502921790534604
Lithuania India distance: 5.55619058782833
Lithuania Ireland distance: 4.876684010437487
Lithuania Israel distance: 5.931765036836348
Lithuania Italy distance: 4.183671286072882
Lithuania Latvia distance: 4.138578030957662
Lithuania Lithuania distance: 0.0
Lithuania Macedonia distance: 5.716088776408222
Lithuania Malta distance: 5.125995569449753
Lithuania Mexico distance: 4.748692364330433
Lithuania Moldova distance: 5.306055024220437
Lithuania Montenegro distance: 5.193881995504729
Lithuania Netherlands distance: 4.23671165537952
Lithuania NewZealand distance: 4.830547550571776
Lithuania Norway distance: 4.190471783557368
Lithuania Poland distance: 4.174783149959707
Lithuania Portugal distance: 4.228031156453891
Lithuania Romania distance: 3.9179449484483215
Lithuania Russia distance: 4.77408610963821
Lithuania Serbia distance: 4.403774181748018
Lithuania Slovakia distance: 4.359765036902997
Lithuania Slovenia distance: 4.2653097910353654
Lithuania Spain distance: 4.251349937188045
Lithuania Sweden distance: 4.016299224462478
Lithuania Switzerland distance: 4.108941872171611
Lithuania Turkey distance: 5.124782324707192
Lithuania UK distance: 5.006105508787542
Lithuania US distance: 4.927606160639237
Lithuania Ukraine distance: 4.982738683130162
Macedonia Albania distance: 5.18525767264954
Macedonia Armenia distance: 6.26315006183062
Macedonia Australia distance: 5.931014573248683
Macedonia Austria distance: 5.523588578647925
Macedonia Belgium distance: 6.082565711733649
Macedonia Bosnia distance: 5.183319709723253
Macedonia Bulgaria distance: 5.192022859686369
Macedonia Canada distance: 6.081622088629928
Macedonia Croatia distance: 5.42972442087925
Macedonia Cyprus distance: 6.708402668786048
Macedonia Czech distance: 5.726792671153815
Macedonia Denmark distance: 5.567663653641519
Macedonia Estonia distance: 5.515395774738603
Macedonia Finland distance: 5.622802122559875
Macedonia France distance: 5.544127739503328
Macedonia Georgia distance: 5.829725816641565
Macedonia Germany distance: 5.809269835614766
Macedonia Greece distance: 5.615653683917733
Macedonia Hungary distance: 5.409866004543263
Macedonia Iceland distance: 5.650002824688347
Macedonia India distance: 6.19415448930443
Macedonia Ireland distance: 5.9626124672082055
Macedonia Israel distance: 6.899518998539693
Macedonia Italy distance: 5.53642688998805
Macedonia Latvia distance: 5.696423021336332
Macedonia Lithuania distance: 5.716088776408222
Macedonia Macedonia distance: 0.0
Macedonia Malta distance: 6.5920657897261306
Macedonia Mexico distance: 5.524787860457322
Macedonia Moldova distance: 6.336975545651092
Macedonia Montenegro distance: 6.21837499439107
Macedonia Netherlands distance: 5.8020960486897115
Macedonia NewZealand distance: 6.235140732664022
Macedonia Norway distance: 5.5291007626952755
Macedonia Poland distance: 5.887531811751644
Macedonia Portugal distance: 5.270209441044739
Macedonia Romania distance: 5.388335834622494
Macedonia Russia distance: 5.961392331071128
Macedonia Serbia distance: 5.1656870864724365
Macedonia Slovakia distance: 5.7955102299880235
Macedonia Slovenia distance: 5.640121879995112
Macedonia Spain distance: 5.687751438780342
Macedonia Sweden distance: 5.477088979503712
Macedonia Switzerland distance: 5.859096120087831
Macedonia Turkey distance: 5.484782701452997
Macedonia UK distance: 6.285525821650145
Macedonia US distance: 6.180236891782796
Macedonia Ukraine distance: 6.481280924555429
Malta Albania distance: 5.656653742262443
Malta Armenia distance: 6.149981529850485
Malta Australia distance: 5.206198748977791
Malta Austria distance: 5.2376806898339225
Malta Belgium distance: 5.282048199545579
Malta Bosnia distance: 5.663346445233487
Malta Bulgaria distance: 5.283098666618529
Malta Canada distance: 5.447939989070142
Malta Croatia distance: 5.103422423774326
Malta Cyprus distance: 5.712271811852101
Malta Czech distance: 5.298271500184769
Malta Denmark distance: 5.573108924914005
Malta Estonia distance: 5.268682881946045
Malta Finland distance: 5.2117325524077245
Malta France distance: 5.653941094874548
Malta Georgia distance: 5.947156315708482
Malta Germany distance: 5.419075622176182
Malta Greece distance: 5.400318830964681
Malta Hungary distance: 5.502721689929888
Malta Iceland distance: 5.380484293785352
Malta India distance: 5.983591194856598
Malta Ireland distance: 5.212702535372561
Malta Israel distance: 6.782138674939391
Malta Italy distance: 4.858733422995731
Malta Latvia distance: 5.357554096160271
Malta Lithuania distance: 5.125995569449753
Malta Macedonia distance: 6.5920657897261306
Malta Malta distance: 0.0
Malta Mexico distance: 5.5869107800454385
Malta Moldova distance: 6.174484702923176
Malta Montenegro distance: 5.971801376462977
Malta Netherlands distance: 5.343839505579961
Malta NewZealand distance: 5.370980500725506
Malta Norway distance: 5.143386723387857
Malta Poland distance: 5.1978180046629525
Malta Portugal distance: 4.999724367677791
Malta Romania distance: 5.100998069796218
Malta Russia distance: 5.807599296805572
Malta Serbia distance: 5.331879952162075
Malta Slovakia distance: 5.464576792658534
Malta Slovenia distance: 4.871164614989948
Malta Spain distance: 5.197782915219463
Malta Sweden distance: 5.018035113342371
Malta Switzerland distance: 5.316809058824258
Malta Turkey distance: 6.0056130720876055
Malta UK distance: 5.071087182015883
Malta US distance: 5.640896907883289
Malta Ukraine distance: 6.089721534390863
Mexico Albania distance: 4.325185411109144
Mexico Armenia distance: 5.745994632477225
Mexico Australia distance: 5.13306389787053
Mexico Austria distance: 4.640558423765413
Mexico Belgium distance: 4.870025627494196
Mexico Bosnia distance: 4.764114355891049
Mexico Bulgaria distance: 4.479081529348
Mexico Canada distance: 5.084465044274059
Mexico Croatia distance: 4.454737160533624
Mexico Cyprus distance: 5.479603988312142
Mexico Czech distance: 4.785515369837153
Mexico Denmark distance: 4.8753350826373385
Mexico Estonia distance: 4.895450817238362
Mexico Finland distance: 4.683578650174214
Mexico France distance: 4.642725951514677
Mexico Georgia distance: 5.199283630015032
Mexico Germany distance: 4.719090408463454
Mexico Greece distance: 4.654300952242791
Mexico Hungary distance: 4.665711919495148
Mexico Iceland distance: 4.753351017082444
Mexico India distance: 4.943705550910999
Mexico Ireland distance: 5.140406853170344
Mexico Israel distance: 5.758579845759094
Mexico Italy distance: 4.369301867891611
Mexico Latvia distance: 4.859945411847116
Mexico Lithuania distance: 4.748692364330433
Mexico Macedonia distance: 5.524787860457322
Mexico Malta distance: 5.5869107800454385
Mexico Mexico distance: 0.0
Mexico Moldova distance: 5.4821820801409
Mexico Montenegro distance: 5.414798513434781
Mexico Netherlands distance: 4.832052088884702
Mexico NewZealand distance: 5.180549963491337
Mexico Norway distance: 4.726970984157879
Mexico Poland distance: 4.788709778589825
Mexico Portugal distance: 4.084369920264077
Mexico Romania distance: 4.403041120808993
Mexico Russia distance: 5.269519048447048
Mexico Serbia distance: 4.513310524482615
Mexico Slovakia distance: 4.784989258643605
Mexico Slovenia distance: 4.640805647320933
Mexico Spain distance: 4.4623592568297115
Mexico Sweden distance: 4.578230424603618
Mexico Switzerland distance: 4.614570120356056
Mexico Turkey distance: 4.68790580698517
Mexico UK distance: 5.20437591141624
Mexico US distance: 5.356624804229724
Mexico Ukraine distance: 5.181468454478311
Moldova Albania distance: 5.403973809126962
Moldova Armenia distance: 6.197145533101072
Moldova Australia distance: 5.3531000840600305
Moldova Austria distance: 4.9674305105702885
Moldova Belgium distance: 5.091547716568981
Moldova Bosnia distance: 5.623419496102417
Moldova Bulgaria distance: 4.999013686771004
Moldova Canada distance: 5.58062696454884
Moldova Croatia distance: 5.193819671375419
Moldova Cyprus distance: 5.59629461920672
Moldova Czech distance: 4.967290077204947
Moldova Denmark distance: 5.170705980447714
Moldova Estonia distance: 5.205840298646068
Moldova Finland distance: 5.034313988645845
Moldova France distance: 5.3899935133682
Moldova Georgia distance: 5.940019422499231
Moldova Germany distance: 5.072220565735262
Moldova Greece distance: 5.013118415438774
Moldova Hungary distance: 5.20736763755083
Moldova Iceland distance: 5.511329133102196
Moldova India distance: 5.909417597330208
Moldova Ireland distance: 5.741932341946422
Moldova Israel distance: 6.060726435789062
Moldova Italy distance: 5.166622877332109
Moldova Latvia distance: 5.098368345069669
Moldova Lithuania distance: 5.306055024220437
Moldova Macedonia distance: 6.336975545651092
Moldova Malta distance: 6.174484702923176
Moldova Mexico distance: 5.4821820801409
Moldova Moldova distance: 0.0
Moldova Montenegro distance: 6.089242430348774
Moldova Netherlands distance: 5.258435831679701
Moldova NewZealand distance: 5.294928804075982
Moldova Norway distance: 5.075894799019506
Moldova Poland distance: 5.218421080835925
Moldova Portugal distance: 5.027596835005322
Moldova Romania distance: 5.189376083443338
Moldova Russia distance: 5.510573778177721
Moldova Serbia distance: 5.2191246774011235
Moldova Slovakia distance: 5.109741713593748
Moldova Slovenia distance: 5.261571572363213
Moldova Spain distance: 4.979720058550056
Moldova Sweden distance: 5.147444303579106
Moldova Switzerland distance: 5.065996149318985
Moldova Turkey distance: 5.5394942907185465
Moldova UK distance: 5.652710669433105
Moldova US distance: 5.669089511319097
Moldova Ukraine distance: 5.445260146818101
Montenegro Albania distance: 5.52296915862365
Montenegro Armenia distance: 5.771710628730319
Montenegro Australia distance: 5.398838284431424
Montenegro Austria distance: 5.141168788617604
Montenegro Belgium distance: 5.247712287507968
Montenegro Bosnia distance: 5.189390956363881
Montenegro Bulgaria distance: 5.1251056894317975
Montenegro Canada distance: 5.625751463273087
Montenegro Croatia distance: 4.932939048362248
Montenegro Cyprus distance: 5.502966404020677
Montenegro Czech distance: 5.267019329771597
Montenegro Denmark distance: 5.487497726533979
Montenegro Estonia distance: 5.175499373852024
Montenegro Finland distance: 5.198462582766016
Montenegro France distance: 5.206099237248135
Montenegro Georgia distance: 5.550542154945536
Montenegro Germany distance: 5.035727587160327
Montenegro Greece distance: 5.0387356096849
Montenegro Hungary distance: 5.2945132318463175
Montenegro Iceland distance: 5.141680534231745
Montenegro India distance: 5.770809593163357
Montenegro Ireland distance: 5.441330372861286
Montenegro Israel distance: 5.858498321369446
Montenegro Italy distance: 5.272697528554978
Montenegro Latvia distance: 4.9462008623561555
Montenegro Lithuania distance: 5.193881995504729
Montenegro Macedonia distance: 6.21837499439107
Montenegro Malta distance: 5.971801376462977
Montenegro Mexico distance: 5.414798513434781
Montenegro Moldova distance: 6.089242430348774
Montenegro Montenegro distance: 0.0
Montenegro Netherlands distance: 5.21538744720883
Montenegro NewZealand distance: 5.59960225171346
Montenegro Norway distance: 5.103566937658729
Montenegro Poland distance: 5.501218762232115
Montenegro Portugal distance: 5.0350080450317
Montenegro Romania distance: 5.111396434168213
Montenegro Russia distance: 5.278453627835841
Montenegro Serbia distance: 5.25907023104464
Montenegro Slovakia distance: 5.3399210292153825
Montenegro Slovenia distance: 5.2480914272252015
Montenegro Spain distance: 5.031301513469735
Montenegro Sweden distance: 5.121423522581723
Montenegro Switzerland distance: 5.05499875045895
Montenegro Turkey distance: 5.0375700057819826
Montenegro UK distance: 5.370657122339255
Montenegro US distance: 5.647228024303646
Montenegro Ukraine distance: 5.444330011483765
Netherlands Albania distance: 4.937547980906597
Netherlands Armenia distance: 5.512738020272268
Netherlands Australia distance: 4.351630679424158
Netherlands Austria distance: 3.659802472583542
Netherlands Belgium distance: 3.7610278981439547
Netherlands Bosnia distance: 4.803711569422092
Netherlands Bulgaria distance: 4.152728974860841
Netherlands Canada distance: 4.600976638908479
Netherlands Croatia distance: 4.113148526406755
Netherlands Cyprus distance: 5.235874388490935
Netherlands Czech distance: 4.0843507686194425
Netherlands Denmark distance: 4.377966357060676
Netherlands Estonia distance: 4.0489273024618635
Netherlands Finland distance: 3.849974838630086
Netherlands France distance: 4.233490676073176
Netherlands Georgia distance: 5.060713868773499
Netherlands Germany distance: 3.7631393497071546
Netherlands Greece distance: 4.225520108288333
Netherlands Hungary distance: 4.147544406597972
Netherlands Iceland distance: 3.991283710934009
Netherlands India distance: 5.192901739991478
Netherlands Ireland distance: 4.304179559730902
Netherlands Israel distance: 5.417354554838489
Netherlands Italy distance: 4.235397260743455
Netherlands Latvia distance: 3.96091188050943
Netherlands Lithuania distance: 4.23671165537952
Netherlands Macedonia distance: 5.8020960486897115
Netherlands Malta distance: 5.343839505579961
Netherlands Mexico distance: 4.832052088884702
Netherlands Moldova distance: 5.258435831679701
Netherlands Montenegro distance: 5.21538744720883
Netherlands Netherlands distance: 0.0
Netherlands NewZealand distance: 4.503454389287091
Netherlands Norway distance: 3.8328324319639027
Netherlands Poland distance: 4.006233580234319
Netherlands Portugal distance: 4.3866889254020895
Netherlands Romania distance: 4.173458338546192
Netherlands Russia distance: 4.456700663612064
Netherlands Serbia distance: 4.3460403496593125
Netherlands Slovakia distance: 4.072274404108103
Netherlands Slovenia distance: 4.230237765730753
Netherlands Spain distance: 4.057862821257453
Netherlands Sweden distance: 3.699930143707174
Netherlands Switzerland distance: 3.7356007702536767
Netherlands Turkey distance: 5.031441543099013
Netherlands UK distance: 4.365626539803665
Netherlands US distance: 4.644643637483821
Netherlands Ukraine distance: 4.648580362911806
NewZealand Albania distance: 5.059556761042972
NewZealand Armenia distance: 5.410009955296969
NewZealand Australia distance: 4.191851184103777
NewZealand Austria distance: 4.318413431238407
NewZealand Belgium distance: 4.4484156545857685
NewZealand Bosnia distance: 5.374998607813408
NewZealand Bulgaria distance: 4.739611385376935
NewZealand Canada distance: 4.385666185042708
NewZealand Croatia distance: 4.55549981876252
NewZealand Cyprus distance: 5.079454419319567
NewZealand Czech distance: 4.702450731321654
NewZealand Denmark distance: 4.759467506497333
NewZealand Estonia distance: 4.76881485433392
NewZealand Finland distance: 4.727778671103457
NewZealand France distance: 4.948138104165583
NewZealand Georgia distance: 5.295837872602972
NewZealand Germany distance: 4.3597262641875965
NewZealand Greece distance: 4.86606686053268
NewZealand Hungary distance: 4.743943098708828
NewZealand Iceland distance: 4.588268836323747
NewZealand India distance: 4.972478787955123
NewZealand Ireland distance: 4.207655023521259
NewZealand Israel distance: 4.84264099012254
NewZealand Italy distance: 4.443215545922435
NewZealand Latvia distance: 4.698264380821322
NewZealand Lithuania distance: 4.830547550571776
NewZealand Macedonia distance: 6.235140732664022
NewZealand Malta distance: 5.370980500725506
NewZealand Mexico distance: 5.180549963491337
NewZealand Moldova distance: 5.294928804075982
NewZealand Montenegro distance: 5.59960225171346
NewZealand Netherlands distance: 4.503454389287091
NewZealand NewZealand distance: 0.0
NewZealand Norway distance: 4.304616582347349
NewZealand Poland distance: 4.961268099111745
NewZealand Portugal distance: 4.681948934517338
NewZealand Romania distance: 4.69013406951287
NewZealand Russia distance: 4.947553485872021
NewZealand Serbia distance: 4.788252640689858
NewZealand Slovakia distance: 4.728794316562074
NewZealand Slovenia distance: 5.014871475130936
NewZealand Spain distance: 4.244354497422938
NewZealand Sweden distance: 4.665376990909576
NewZealand Switzerland distance: 4.180786735523904
NewZealand Turkey distance: 4.935616527020306
NewZealand UK distance: 4.098811766329354
NewZealand US distance: 4.518247905186214
NewZealand Ukraine distance: 4.961866209711508
Norway Albania distance: 4.6321412723657325
Norway Armenia distance: 5.3593836524960015
Norway Australia distance: 4.311858459352991
Norway Austria distance: 3.6292600036701566
Norway Belgium distance: 4.099217355391694
Norway Bosnia distance: 4.646984707675911
Norway Bulgaria distance: 3.9906372745065672
Norway Canada distance: 4.379933789159996
Norway Croatia distance: 4.0993274520934175
Norway Cyprus distance: 5.104609426989244
Norway Czech distance: 4.1285078915509725
Norway Denmark distance: 4.006176615223652
Norway Estonia distance: 3.951513622974295
Norway Finland distance: 3.7543474966233013
Norway France distance: 4.27540545540239
Norway Georgia distance: 4.966156317394927
Norway Germany distance: 3.7690426261158754
Norway Greece distance: 4.4542936669205435
Norway Hungary distance: 4.083084117450282
Norway Iceland distance: 3.8463121935619227
Norway India distance: 4.89997111112072
Norway Ireland distance: 4.271186386307521
Norway Israel distance: 5.205760034076903
Norway Italy distance: 3.8558337417674196
Norway Latvia distance: 4.153724130410735
Norway Lithuania distance: 4.190471783557368
Norway Macedonia distance: 5.5291007626952755
Norway Malta distance: 5.143386723387857
Norway Mexico distance: 4.726970984157879
Norway Moldova distance: 5.075894799019506
Norway Montenegro distance: 5.103566937658729
Norway Netherlands distance: 3.8328324319639027
Norway NewZealand distance: 4.304616582347349
Norway Norway distance: 0.0
Norway Poland distance: 4.028683262393434
Norway Portugal distance: 4.007030560345519
Norway Romania distance: 4.095618867092401
Norway Russia distance: 4.436731887614717
Norway Serbia distance: 4.468477922085108
Norway Slovakia distance: 4.05128207673818
Norway Slovenia distance: 4.2506162888945385
Norway Spain distance: 3.901622446886058
Norway Sweden distance: 3.5999175189804364
Norway Switzerland distance: 3.893044847634653
Norway Turkey distance: 4.612507774973217
Norway UK distance: 4.157050021522776
Norway US distance: 4.550564383832345
Norway Ukraine distance: 4.468148266194809
Poland Albania distance: 5.320047792764242
Poland Armenia distance: 5.942644965642172
Poland Australia distance: 4.525894379455679
Poland Austria distance: 3.8488429816234735
Poland Belgium distance: 4.206620446210115
Poland Bosnia distance: 4.789105305272666
Poland Bulgaria distance: 4.004656280883317
Poland Canada distance: 4.716798626472717
Poland Croatia distance: 3.875783144031779
Poland Cyprus distance: 5.322641627107151
Poland Czech distance: 3.8900389906784034
Poland Denmark distance: 4.811162624054245
Poland Estonia distance: 4.14692836196978
Poland Finland distance: 3.7239732417816658
Poland France distance: 4.28258372910921
Poland Georgia distance: 5.1740979530541695
Poland Germany distance: 4.022444352643325
Poland Greece distance: 4.342048856534537
Poland Hungary distance: 3.943327286531829
Poland Iceland distance: 4.383746646258556
Poland India distance: 5.554267230549751
Poland Ireland distance: 4.717704789015892
Poland Israel distance: 5.878686020841603
Poland Italy distance: 3.949960724820336
Poland Latvia distance: 4.084849715233064
Poland Lithuania distance: 4.174783149959707
Poland Macedonia distance: 5.887531811751644
Poland Malta distance: 5.1978180046629525
Poland Mexico distance: 4.788709778589825
Poland Moldova distance: 5.218421080835925
Poland Montenegro distance: 5.501218762232115
Poland Netherlands distance: 4.006233580234319
Poland NewZealand distance: 4.961268099111745
Poland Norway distance: 4.028683262393434
Poland Poland distance: 0.0
Poland Portugal distance: 4.317436593817123
Poland Romania distance: 4.266869823703264
Poland Russia distance: 4.438775845854095
Poland Serbia distance: 4.168111445412925
Poland Slovakia distance: 3.9126538312644645
Poland Slovenia distance: 4.066022500996695
Poland Spain distance: 4.319745823063883
Poland Sweden distance: 4.029812030546671
Poland Switzerland distance: 3.997057664249993
Poland Turkey distance: 5.117062510765533
Poland UK distance: 4.767723052431094
Poland US distance: 4.899206102345899
Poland Ukraine distance: 4.56763342557048
Portugal Albania distance: 4.451778273227485
Portugal Armenia distance: 5.359599942542113
Portugal Australia distance: 4.556760791558719
Portugal Austria distance: 3.99783554230626
Portugal Belgium distance: 4.352692638904829
Portugal Bosnia distance: 4.733607429521174
Portugal Bulgaria distance: 4.116136835082216
Portugal Canada distance: 4.860031154806199
Portugal Croatia distance: 4.155676968462622
Portugal Cyprus distance: 5.1015193805415695
Portugal Czech distance: 4.303861899731136
Portugal Denmark distance: 4.481439189261872
Portugal Estonia distance: 4.357579621393082
Portugal Finland distance: 4.137531861684389
Portugal France distance: 4.2500233545753465
Portugal Georgia distance: 4.955884171469164
Portugal Germany distance: 4.292449213414435
Portugal Greece distance: 4.38074284331562
Portugal Hungary distance: 4.257211422772907
Portugal Iceland distance: 4.268286049695457
Portugal India distance: 5.096860503628096
Portugal Ireland distance: 4.628144755017922
Portugal Israel distance: 5.58359639820066
Portugal Italy distance: 3.9723449538191358
Portugal Latvia distance: 4.359986225504174
Portugal Lithuania distance: 4.228031156453891
Portugal Macedonia distance: 5.270209441044739
Portugal Malta distance: 4.999724367677791
Portugal Mexico distance: 4.084369920264077
Portugal Moldova distance: 5.027596835005322
Portugal Montenegro distance: 5.0350080450317
Portugal Netherlands distance: 4.3866889254020895
Portugal NewZealand distance: 4.681948934517338
Portugal Norway distance: 4.007030560345519
Portugal Poland distance: 4.317436593817123
Portugal Portugal distance: 0.0
Portugal Romania distance: 4.074488872727042
Portugal Russia distance: 4.869381554355997
Portugal Serbia distance: 4.354240739754544
Portugal Slovakia distance: 4.274059798836073
Portugal Slovenia distance: 4.279612570751246
Portugal Spain distance: 3.9172953600492133
Portugal Sweden distance: 4.168171514132805
Portugal Switzerland distance: 3.9888851452459653
Portugal Turkey distance: 4.319520789214005
Portugal UK distance: 4.672242227690622
Portugal US distance: 4.980770240560471
Portugal Ukraine distance: 4.877716990555054
Romania Albania distance: 4.623180107985395
Romania Armenia distance: 5.3276490167450525
Romania Australia distance: 4.321389068563353
Romania Austria distance: 3.897007331980309
Romania Belgium distance: 4.197231834192605
Romania Bosnia distance: 4.58598560013913
Romania Bulgaria distance: 3.7718065049305625
Romania Canada distance: 4.59607596987212
Romania Croatia distance: 3.9827505479549736
Romania Cyprus distance: 5.242505174975123
Romania Czech distance: 3.9777400893934756
Romania Denmark distance: 4.700202553796885
Romania Estonia distance: 4.346735932759031
Romania Finland distance: 3.8691684676211504
Romania France distance: 4.195966221260836
Romania Georgia distance: 4.864066910626902
Romania Germany distance: 4.082086174698791
Romania Greece distance: 4.095787911720849
Romania Hungary distance: 4.018157694180651
Romania Iceland distance: 4.257155765998007
Romania India distance: 4.829059125013315
Romania Ireland distance: 4.379687141366957
Romania Israel distance: 5.420774271190892
Romania Italy distance: 4.073502699980814
Romania Latvia distance: 4.1704922498828685
Romania Lithuania distance: 3.9179449484483215
Romania Macedonia distance: 5.388335834622494
Romania Malta distance: 5.100998069796218
Romania Mexico distance: 4.403041120808993
Romania Moldova distance: 5.189376083443338
Romania Montenegro distance: 5.111396434168213
Romania Netherlands distance: 4.173458338546192
Romania NewZealand distance: 4.69013406951287
Romania Norway distance: 4.095618867092401
Romania Poland distance: 4.266869823703264
Romania Portugal distance: 4.074488872727042
Romania Romania distance: 0.0
Romania Russia distance: 4.3832596939585144
Romania Serbia distance: 4.085425284982414
Romania Slovakia distance: 4.112956556959764
Romania Slovenia distance: 4.2339412261239575
Romania Spain distance: 3.9235806948855383
Romania Sweden distance: 3.9417672853824595
Romania Switzerland distance: 4.1496293797240495
Romania Turkey distance: 4.84303485199496
Romania UK distance: 4.607381469104007
Romania US distance: 4.653021155861293
Romania Ukraine distance: 4.806843857108523
Russia Albania distance: 5.066420209175872
Russia Armenia distance: 5.060578935649788
Russia Australia distance: 4.472102810118951
Russia Austria distance: 4.354277787313934
Russia Belgium distance: 4.558037999593833
Russia Bosnia distance: 4.470289396379336
Russia Bulgaria distance: 4.043897712471176
Russia Canada distance: 4.559732141784736
Russia Croatia distance: 4.312999325101476
Russia Cyprus distance: 5.126912234396136
Russia Czech distance: 4.330358213667432
Russia Denmark distance: 5.1167574957382564
Russia Estonia distance: 4.44706542521466
Russia Finland distance: 4.508974898062956
Russia France distance: 4.235195557006535
Russia Georgia distance: 5.2441424849850815
Russia Germany distance: 4.2184376973666735
Russia Greece distance: 4.341085036430124
Russia Hungary distance: 4.510837689319131
Russia Iceland distance: 4.544696644292297
Russia India distance: 5.179592591788609
Russia Ireland distance: 4.760188837845567
Russia Israel distance: 4.874400591563057
Russia Italy distance: 4.457221580680284
Russia Latvia distance: 4.3827509019819875
Russia Lithuania distance: 4.77408610963821
Russia Macedonia distance: 5.961392331071128
Russia Malta distance: 5.807599296805572
Russia Mexico distance: 5.269519048447048
Russia Moldova distance: 5.510573778177721
Russia Montenegro distance: 5.278453627835841
Russia Netherlands distance: 4.456700663612064
Russia NewZealand distance: 4.947553485872021
Russia Norway distance: 4.436731887614717
Russia Poland distance: 4.438775845854095
Russia Portugal distance: 4.869381554355997
Russia Romania distance: 4.3832596939585144
Russia Russia distance: 0.0
Russia Serbia distance: 4.442300501115377
Russia Slovakia distance: 4.470975839067693
Russia Slovenia distance: 4.753484274949932
Russia Spain distance: 4.3740571998774875
Russia Sweden distance: 4.476051211410919
Russia Switzerland distance: 4.2541980902099015
Russia Turkey distance: 4.553063034725207
Russia UK distance: 4.480530334399197
Russia US distance: 4.722513614802671
Russia Ukraine distance: 4.256856104867706
Serbia Albania distance: 4.414065583057439
Serbia Armenia distance: 5.393769136635261
Serbia Australia distance: 4.572640273909753
Serbia Austria distance: 4.190834331869515
Serbia Belgium distance: 4.341738321853939
Serbia Bosnia distance: 4.4409749342026945
Serbia Bulgaria distance: 3.9583469009865397
Serbia Canada distance: 4.866701951310445
Serbia Croatia distance: 4.039401339907617
Serbia Cyprus distance: 5.286288175787483
Serbia Czech distance: 4.180338674382517
Serbia Denmark distance: 4.70358022312169
Serbia Estonia distance: 4.3779796002446005
Serbia Finland distance: 4.060583812921306
Serbia France distance: 4.154307893083728
Serbia Georgia distance: 4.700965558764331
Serbia Germany distance: 4.29661652064451
Serbia Greece distance: 4.3564319811724
Serbia Hungary distance: 4.021342642287309
Serbia Iceland distance: 4.363587612341211
Serbia India distance: 4.655950813669061
Serbia Ireland distance: 4.69363759041955
Serbia Israel distance: 5.313303417620079
Serbia Italy distance: 4.243067230730246
Serbia Latvia distance: 4.273049288771809
Serbia Lithuania distance: 4.403774181748018
Serbia Macedonia distance: 5.1656870864724365
Serbia Malta distance: 5.331879952162075
Serbia Mexico distance: 4.513310524482615
Serbia Moldova distance: 5.2191246774011235
Serbia Montenegro distance: 5.25907023104464
Serbia Netherlands distance: 4.3460403496593125
Serbia NewZealand distance: 4.788252640689858
Serbia Norway distance: 4.468477922085108
Serbia Poland distance: 4.168111445412925
Serbia Portugal distance: 4.354240739754544
Serbia Romania distance: 4.085425284982414
Serbia Russia distance: 4.442300501115377
Serbia Serbia distance: 0.0
Serbia Slovakia distance: 4.210228032324893
Serbia Slovenia distance: 4.07179048789933
Serbia Spain distance: 4.202889961325332
Serbia Sweden distance: 4.113513446333722
Serbia Switzerland distance: 4.446287100586153
Serbia Turkey distance: 4.519381909808001
Serbia UK distance: 4.851885508658317
Serbia US distance: 4.967399249596271
Serbia Ukraine distance: 4.803054146278654
Slovakia Albania distance: 4.929783130117344
Slovakia Armenia distance: 5.628509472560484
Slovakia Australia distance: 4.620157351475994
Slovakia Austria distance: 3.939123487734869
Slovakia Belgium distance: 4.031211923413004
Slovakia Bosnia distance: 4.8639070459020886
Slovakia Bulgaria distance: 4.225277346499121
Slovakia Canada distance: 4.9367359405298465
Slovakia Croatia distance: 4.0810921580357755
Slovakia Cyprus distance: 5.248996739113895
Slovakia Czech distance: 3.819716010762144
Slovakia Denmark distance: 4.776410241007378
Slovakia Estonia distance: 4.270146357619976
Slovakia Finland distance: 3.9090749214058693
Slovakia France distance: 4.388864709041438
Slovakia Georgia distance: 5.049453682749756
Slovakia Germany distance: 3.9860007547278826
Slovakia Greece distance: 4.31744053589608
Slovakia Hungary distance: 3.9028369978679254
Slovakia Iceland distance: 4.3015664083876635
Slovakia India distance: 4.778061533650114
Slovakia Ireland distance: 4.652800394288541
Slovakia Israel distance: 5.495823244954492
Slovakia Italy distance: 4.090407009309006
Slovakia Latvia distance: 4.2240025549866065
Slovakia Lithuania distance: 4.359765036902997
Slovakia Macedonia distance: 5.7955102299880235
Slovakia Malta distance: 5.464576792658534
Slovakia Mexico distance: 4.784989258643605
Slovakia Moldova distance: 5.109741713593748
Slovakia Montenegro distance: 5.3399210292153825
Slovakia Netherlands distance: 4.072274404108103
Slovakia NewZealand distance: 4.728794316562074
Slovakia Norway distance: 4.05128207673818
Slovakia Poland distance: 3.9126538312644645
Slovakia Portugal distance: 4.274059798836073
Slovakia Romania distance: 4.112956556959764
Slovakia Russia distance: 4.470975839067693
Slovakia Serbia distance: 4.210228032324893
Slovakia Slovakia distance: 0.0
Slovakia Slovenia distance: 4.182012061730092
Slovakia Spain distance: 4.020125790504244
Slovakia Sweden distance: 4.080055931123828
Slovakia Switzerland distance: 4.074170019735374
Slovakia Turkey distance: 4.789467516908664
Slovakia UK distance: 4.759537875283049
Slovakia US distance: 5.028892615495058
Slovakia Ukraine distance: 4.453725570132662
Slovenia Albania distance: 4.725608194521619
Slovenia Armenia distance: 5.6382815384094505
Slovenia Australia distance: 4.462702468017444
Slovenia Austria distance: 4.14991858777241
Slovenia Belgium distance: 4.3488201954090835
Slovenia Bosnia distance: 4.629896171982055
Slovenia Bulgaria distance: 4.161682831622492
Slovenia Canada distance: 4.90758213232167
Slovenia Croatia distance: 4.037720813682992
Slovenia Cyprus distance: 5.2666086349198835
Slovenia Czech distance: 4.108208522660667
Slovenia Denmark distance: 4.743555067088064
Slovenia Estonia distance: 4.432491866617786
Slovenia Finland distance: 3.943216172629715
Slovenia France distance: 4.758377040478407
Slovenia Georgia distance: 5.278528196979069
Slovenia Germany distance: 4.338156312369806
Slovenia Greece distance: 4.5156145663663665
Slovenia Hungary distance: 4.281334040973966
Slovenia Iceland distance: 4.533279457363119
Slovenia India distance: 5.1959721921665825
Slovenia Ireland distance: 4.69901867877541
Slovenia Israel distance: 6.086071061411508
Slovenia Italy distance: 4.065733049012671
Slovenia Latvia distance: 4.282411858504593
Slovenia Lithuania distance: 4.2653097910353654
Slovenia Macedonia distance: 5.640121879995112
Slovenia Malta distance: 4.871164614989948
Slovenia Mexico distance: 4.640805647320933
Slovenia Moldova distance: 5.261571572363213
Slovenia Montenegro distance: 5.2480914272252015
Slovenia Netherlands distance: 4.230237765730753
Slovenia NewZealand distance: 5.014871475130936
Slovenia Norway distance: 4.2506162888945385
Slovenia Poland distance: 4.066022500996695
Slovenia Portugal distance: 4.279612570751246
Slovenia Romania distance: 4.2339412261239575
Slovenia Russia distance: 4.753484274949932
Slovenia Serbia distance: 4.07179048789933
Slovenia Slovakia distance: 4.182012061730092
Slovenia Slovenia distance: 0.0
Slovenia Spain distance: 4.256412148244901
Slovenia Sweden distance: 4.143244330873083
Slovenia Switzerland distance: 4.199674874715912
Slovenia Turkey distance: 4.9386946883334195
Slovenia UK distance: 4.664095212349773
Slovenia US distance: 4.958602248562569
Slovenia Ukraine distance: 4.960017291627824
Spain Albania distance: 4.47166293925351
Spain Armenia distance: 4.998048696661152
Spain Australia distance: 4.424606625953971
Spain Austria distance: 3.841833601666847
Spain Belgium distance: 4.09640475504116
Spain Bosnia distance: 4.6760863261337136
Spain Bulgaria distance: 4.028410514897265
Spain Canada distance: 4.498507448917448
Spain Croatia distance: 4.024723926367768
Spain Cyprus distance: 4.54930843758673
Spain Czech distance: 4.0464577259062375
Spain Denmark distance: 4.445636410878025
Spain Estonia distance: 4.297844885455052
Spain Finland distance: 3.972648945438443
Spain France distance: 4.106069264030088
Spain Georgia distance: 4.849641539179667
Spain Germany distance: 3.8272108633048347
Spain Greece distance: 4.050587985803089
Spain Hungary distance: 4.126062106533688
Spain Iceland distance: 4.251281948742212
Spain India distance: 4.611648280368033
Spain Ireland distance: 4.522039877240387
Spain Israel distance: 4.883537763630624
Spain Italy distance: 3.9377440491640323
Spain Latvia distance: 4.235497348509765
Spain Lithuania distance: 4.251349937188045
Spain Macedonia distance: 5.687751438780342
Spain Malta distance: 5.197782915219463
Spain Mexico distance: 4.4623592568297115
Spain Moldova distance: 4.979720058550056
Spain Montenegro distance: 5.031301513469735
Spain Netherlands distance: 4.057862821257453
Spain NewZealand distance: 4.244354497422938
Spain Norway distance: 3.901622446886058
Spain Poland distance: 4.319745823063883
Spain Portugal distance: 3.9172953600492133
Spain Romania distance: 3.9235806948855383
Spain Russia distance: 4.3740571998774875
Spain Serbia distance: 4.202889961325332
Spain Slovakia distance: 4.020125790504244
Spain Slovenia distance: 4.256412148244901
Spain Spain distance: 0.0
Spain Sweden distance: 4.226878924524969
Spain Switzerland distance: 3.780166927639177
Spain Turkey distance: 4.229796795499559
Spain UK distance: 4.170517898237041
Spain US distance: 4.489360667189866
Spain Ukraine distance: 4.112059480061708
Sweden Albania distance: 4.782239078250159
Sweden Armenia distance: 5.445100708755641
Sweden Australia distance: 4.317216718751042
Sweden Austria distance: 3.7052194878290745
Sweden Belgium distance: 4.068040930200287
Sweden Bosnia distance: 4.532063202759157
Sweden Bulgaria distance: 4.059804119190368
Sweden Canada distance: 4.464424476174408
Sweden Croatia distance: 4.047066039419141
Sweden Cyprus distance: 5.388327111434686
Sweden Czech distance: 4.100567160647767
Sweden Denmark distance: 4.184726733907824
Sweden Estonia distance: 4.144653483701217
Sweden Finland distance: 3.595082456425039
Sweden France distance: 4.140691777950578
Sweden Georgia distance: 4.985839020952018
Sweden Germany distance: 3.8355950650360895
Sweden Greece distance: 4.253100566814485
Sweden Hungary distance: 3.95555503440055
Sweden Iceland distance: 3.8895535556930905
Sweden India distance: 5.015624059888307
Sweden Ireland distance: 4.280276839600895
Sweden Israel distance: 5.481037004521977
Sweden Italy distance: 3.9744074807858962
Sweden Latvia distance: 4.117429160515301
Sweden Lithuania distance: 4.016299224462478
Sweden Macedonia distance: 5.477088979503712
Sweden Malta distance: 5.018035113342371
Sweden Mexico distance: 4.578230424603618
Sweden Moldova distance: 5.147444303579106
Sweden Montenegro distance: 5.121423522581723
Sweden Netherlands distance: 3.699930143707174
Sweden NewZealand distance: 4.665376990909576
Sweden Norway distance: 3.5999175189804364
Sweden Poland distance: 4.029812030546671
Sweden Portugal distance: 4.168171514132805
Sweden Romania distance: 3.9417672853824595
Sweden Russia distance: 4.476051211410919
Sweden Serbia distance: 4.113513446333722
Sweden Slovakia distance: 4.080055931123828
Sweden Slovenia distance: 4.143244330873083
Sweden Spain distance: 4.226878924524969
Sweden Sweden distance: 0.0
Sweden Switzerland distance: 4.033529902616948
Sweden Turkey distance: 4.638225510762295
Sweden UK distance: 4.281723231205241
Sweden US distance: 4.600445869935236
Sweden Ukraine distance: 4.720444708562817
Switzerland Albania distance: 4.859382932864819
Switzerland Armenia distance: 5.340479016684183
Switzerland Australia distance: 4.247332747388366
Switzerland Austria distance: 3.609676648465072
Switzerland Belgium distance: 3.8855802696326145
Switzerland Bosnia distance: 4.875079842158273
Switzerland Bulgaria distance: 4.026945363339815
Switzerland Canada distance: 4.462660680257872
Switzerland Croatia distance: 4.185586491900611
Switzerland Cyprus distance: 4.743863580187744
Switzerland Czech distance: 3.754129587679989
Switzerland Denmark distance: 4.575250211555055
Switzerland Estonia distance: 3.8301534771321024
Switzerland Finland distance: 3.910259720788212
Switzerland France distance: 3.982793271197107
Switzerland Georgia distance: 5.052454947546911
Switzerland Germany distance: 3.6057053562801418
Switzerland Greece distance: 4.157634687427457
Switzerland Hungary distance: 4.125362523938494
Switzerland Iceland distance: 4.2554466282630345
Switzerland India distance: 4.9945375591744146
Switzerland Ireland distance: 4.363227071275628
Switzerland Israel distance: 5.326463365612958
Switzerland Italy distance: 3.912661065021983
Switzerland Latvia distance: 4.044673611876114
Switzerland Lithuania distance: 4.108941872171611
Switzerland Macedonia distance: 5.859096120087831
Switzerland Malta distance: 5.316809058824258
Switzerland Mexico distance: 4.614570120356056
Switzerland Moldova distance: 5.065996149318985
Switzerland Montenegro distance: 5.05499875045895
Switzerland Netherlands distance: 3.7356007702536767
Switzerland NewZealand distance: 4.180786735523904
Switzerland Norway distance: 3.893044847634653
Switzerland Poland distance: 3.997057664249993
Switzerland Portugal distance: 3.9888851452459653
Switzerland Romania distance: 4.1496293797240495
Switzerland Russia distance: 4.2541980902099015
Switzerland Serbia distance: 4.446287100586153
Switzerland Slovakia distance: 4.074170019735374
Switzerland Slovenia distance: 4.199674874715912
Switzerland Spain distance: 3.780166927639177
Switzerland Sweden distance: 4.033529902616948
Switzerland Switzerland distance: 0.0
Switzerland Turkey distance: 4.648272225102785
Switzerland UK distance: 4.295031055180321
Switzerland US distance: 4.588512649184037
Switzerland Ukraine distance: 4.282487458431952
Turkey Albania distance: 4.24510413951519
Turkey Armenia distance: 4.757274324456948
Turkey Australia distance: 4.9756987063881875
Turkey Austria distance: 4.563067175550782
Turkey Belgium distance: 5.02147985218399
Turkey Bosnia distance: 4.683732655189265
Turkey Bulgaria distance: 4.431940856619973
Turkey Canada distance: 4.762664512859004
Turkey Croatia distance: 4.408980638062305
Turkey Cyprus distance: 4.8544336526049925
Turkey Czech distance: 4.746902256238397
Turkey Denmark distance: 4.7492561075083755
Turkey Estonia distance: 4.71607884727064
Turkey Finland distance: 4.89601937931585
Turkey France distance: 4.4279395373796895
Turkey Georgia distance: 4.749497138764094
Turkey Germany distance: 4.645512638773215
Turkey Greece distance: 4.476271617778148
Turkey Hungary distance: 4.730700312929165
Turkey Iceland distance: 4.451813673240514
Turkey India distance: 4.619771535318379
Turkey Ireland distance: 5.000393109589139
Turkey Israel distance: 4.618281824531586
Turkey Italy distance: 4.562001119172669
Turkey Latvia distance: 4.5562323246174605
Turkey Lithuania distance: 5.124782324707192
Turkey Macedonia distance: 5.484782701452997
Turkey Malta distance: 6.0056130720876055
Turkey Mexico distance: 4.68790580698517
Turkey Moldova distance: 5.5394942907185465
Turkey Montenegro distance: 5.0375700057819826
Turkey Netherlands distance: 5.031441543099013
Turkey NewZealand distance: 4.935616527020306
Turkey Norway distance: 4.612507774973217
Turkey Poland distance: 5.117062510765533
Turkey Portugal distance: 4.319520789214005
Turkey Romania distance: 4.84303485199496
Turkey Russia distance: 4.553063034725207
Turkey Serbia distance: 4.519381909808001
Turkey Slovakia distance: 4.789467516908664
Turkey Slovenia distance: 4.9386946883334195
Turkey Spain distance: 4.229796795499559
Turkey Sweden distance: 4.638225510762295
Turkey Switzerland distance: 4.648272225102785
Turkey Turkey distance: 0.0
Turkey UK distance: 5.067069886038418
Turkey US distance: 4.861927062217754
Turkey Ukraine distance: 4.538585428713045
UK Albania distance: 5.144112146403679
UK Armenia distance: 5.231875589657792
UK Australia distance: 4.16885853408257
UK Austria distance: 4.388483542732567
UK Belgium distance: 4.330578489278145
UK Bosnia distance: 4.6501913070661605
UK Bulgaria distance: 4.558335618344998
UK Canada distance: 4.2602774207253375
UK Croatia distance: 4.608156349851126
UK Cyprus distance: 5.023491034545291
UK Czech distance: 4.7884126770972815
UK Denmark distance: 4.852978610921597
UK Estonia distance: 4.604129665938047
UK Finland distance: 4.493642051787735
UK France distance: 4.8145666011146036
UK Georgia distance: 5.203760830312788
UK Germany distance: 4.255582194430004
UK Greece distance: 4.783491530202711
UK Hungary distance: 4.874370739734695
UK Iceland distance: 4.456742037514963
UK India distance: 5.010545664848974
UK Ireland distance: 3.500135609788834
UK Israel distance: 5.057769172247379
UK Italy distance: 4.388222196946807
UK Latvia distance: 4.555403052927271
UK Lithuania distance: 5.006105508787542
UK Macedonia distance: 6.285525821650145
UK Malta distance: 5.071087182015883
UK Mexico distance: 5.20437591141624
UK Moldova distance: 5.652710669433105
UK Montenegro distance: 5.370657122339255
UK Netherlands distance: 4.365626539803665
UK NewZealand distance: 4.098811766329354
UK Norway distance: 4.157050021522776
UK Poland distance: 4.767723052431094
UK Portugal distance: 4.672242227690622
UK Romania distance: 4.607381469104007
UK Russia distance: 4.480530334399197
UK Serbia distance: 4.851885508658317
UK Slovakia distance: 4.759537875283049
UK Slovenia distance: 4.664095212349773
UK Spain distance: 4.170517898237041
UK Sweden distance: 4.281723231205241
UK Switzerland distance: 4.295031055180321
UK Turkey distance: 5.067069886038418
UK UK distance: 0.0
UK US distance: 4.371303295098393
UK Ukraine distance: 4.925915415474989
US Albania distance: 5.370032565888209
US Armenia distance: 5.379608157938453
US Australia distance: 4.211180453745079
US Austria distance: 4.733359790391234
US Belgium distance: 4.757498869300188
US Bosnia distance: 4.81817944041328
US Bulgaria distance: 4.504968326007518
US Canada distance: 3.613707767605503
US Croatia distance: 4.5393157479956425
US Cyprus distance: 5.502073744219034
US Czech distance: 4.785265691533436
US Denmark distance: 5.098612214823033
US Estonia distance: 4.982310196947575
US Finland distance: 4.742925845766279
US France distance: 4.775230460080772
US Georgia distance: 5.026759706745248
US Germany distance: 4.700254197603988
US Greece distance: 4.860677467634553
US Hungary distance: 5.2030785982405545
US Iceland distance: 4.4986105352039445
US India distance: 5.159004649170354
US Ireland distance: 4.289285140686052
US Israel distance: 5.14315818147324
US Italy distance: 4.657685147411329
US Latvia distance: 4.701837893963823
US Lithuania distance: 4.927606160639237
US Macedonia distance: 6.180236891782796
US Malta distance: 5.640896907883289
US Mexico distance: 5.356624804229724
US Moldova distance: 5.669089511319097
US Montenegro distance: 5.647228024303646
US Netherlands distance: 4.644643637483821
US NewZealand distance: 4.518247905186214
US Norway distance: 4.550564383832345
US Poland distance: 4.899206102345899
US Portugal distance: 4.980770240560471
US Romania distance: 4.653021155861293
US Russia distance: 4.722513614802671
US Serbia distance: 4.967399249596271
US Slovakia distance: 5.028892615495058
US Slovenia distance: 4.958602248562569
US Spain distance: 4.489360667189866
US Sweden distance: 4.600445869935236
US Switzerland distance: 4.588512649184037
US Turkey distance: 4.861927062217754
US UK distance: 4.371303295098393
US US distance: 0.0
US Ukraine distance: 5.254106943199987
Ukraine Albania distance: 5.051343109979746
Ukraine Armenia distance: 5.483273934969133
Ukraine Australia distance: 4.968903481627759
Ukraine Austria distance: 4.390269462538447
Ukraine Belgium distance: 4.730165511191498
Ukraine Bosnia distance: 4.948662220673323
Ukraine Bulgaria distance: 4.557395499697634
Ukraine Canada distance: 5.036163533856348
Ukraine Croatia distance: 4.601981923512044
Ukraine Cyprus distance: 4.767162656033819
Ukraine Czech distance: 4.551509848771572
Ukraine Denmark distance: 5.056847489189993
Ukraine Estonia distance: 4.516309989408089
Ukraine Finland distance: 4.654689602266863
Ukraine France distance: 4.635617823243042
Ukraine Georgia distance: 5.6034180527216195
Ukraine Germany distance: 4.161957882398091
Ukraine Greece distance: 4.575780238162354
Ukraine Hungary distance: 4.592617129702391
Ukraine Iceland distance: 4.966996820240311
Ukraine India distance: 5.007774815077732
Ukraine Ireland distance: 5.127573912384677
Ukraine Israel distance: 4.708272426034834
Ukraine Italy distance: 4.474104855923795
Ukraine Latvia distance: 4.43161571549188
Ukraine Lithuania distance: 4.982738683130162
Ukraine Macedonia distance: 6.481280924555429
Ukraine Malta distance: 6.089721534390863
Ukraine Mexico distance: 5.181468454478311
Ukraine Moldova distance: 5.445260146818101
Ukraine Montenegro distance: 5.444330011483765
Ukraine Netherlands distance: 4.648580362911806
Ukraine NewZealand distance: 4.961866209711508
Ukraine Norway distance: 4.468148266194809
Ukraine Poland distance: 4.56763342557048
Ukraine Portugal distance: 4.877716990555054
Ukraine Romania distance: 4.806843857108523
Ukraine Russia distance: 4.256856104867706
Ukraine Serbia distance: 4.803054146278654
Ukraine Slovakia distance: 4.453725570132662
Ukraine Slovenia distance: 4.960017291627824
Ukraine Spain distance: 4.112059480061708
Ukraine Sweden distance: 4.720444708562817
Ukraine Switzerland distance: 4.282487458431952
Ukraine Turkey distance: 4.538585428713045
Ukraine UK distance: 4.925915415474989
Ukraine US distance: 5.254106943199987
Ukraine Ukraine distance: 0.0
